<?xml version="1.0" encoding="UTF-8"?>
<coverage generated="1530202155630" clover="3.2.0">
  <project timestamp="1530202155631" name="All files">
    <metrics statements="423" coveredstatements="188" conditionals="182" coveredconditionals="86" methods="44" coveredmethods="24" elements="649" coveredelements="298" complexity="0" loc="423" ncloc="423" packages="8" files="16" classes="16">
      <package name="terra-clinical-application.src">
        <metrics statements="15" coveredstatements="0" conditionals="2" coveredconditionals="0" methods="2" coveredmethods="0"/>
        <file name="Application.jsx" path="/Users/er047227/terra-clinical/packages/terra-clinical-application/src/Application.jsx">
          <metrics statements="15" coveredstatements="0" conditionals="2" coveredconditionals="0" methods="2" coveredmethods="0"/>
          <line num="1" count="0" type="stmt"/>
          <line num="2" count="0" type="stmt"/>
          <line num="3" count="0" type="stmt"/>
          <line num="4" count="0" type="stmt"/>
          <line num="5" count="0" type="stmt"/>
          <line num="6" count="0" type="stmt"/>
          <line num="7" count="0" type="stmt"/>
          <line num="9" count="0" type="stmt"/>
          <line num="11" count="0" type="stmt"/>
          <line num="23" count="0" type="stmt"/>
          <line num="24" count="0" type="stmt"/>
          <line num="26" count="0" type="cond" truecount="0" falsecount="2"/>
          <line num="27" count="0" type="stmt"/>
          <line num="32" count="0" type="stmt"/>
          <line num="39" count="0" type="stmt"/>
        </file>
      </package>
      <package name="terra-clinical-detail-view.src">
        <metrics statements="44" coveredstatements="44" conditionals="12" coveredconditionals="12" methods="5" coveredmethods="5"/>
        <file name="DetailList.jsx" path="/Users/er047227/terra-clinical/packages/terra-clinical-detail-view/src/DetailList.jsx">
          <metrics statements="9" coveredstatements="9" conditionals="2" coveredconditionals="2" methods="1" coveredmethods="1"/>
          <line num="8" count="3" type="stmt"/>
          <line num="10" count="3" type="stmt"/>
          <line num="26" count="3" type="stmt"/>
          <line num="31" count="3" type="stmt"/>
          <line num="33" count="7" type="cond" truecount="2" falsecount="0"/>
          <line num="34" count="5" type="stmt"/>
          <line num="37" count="7" type="stmt"/>
          <line num="47" count="3" type="stmt"/>
          <line num="48" count="3" type="stmt"/>
        </file>
        <file name="DetailListItem.jsx" path="/Users/er047227/terra-clinical/packages/terra-clinical-detail-view/src/DetailListItem.jsx">
          <metrics statements="8" coveredstatements="8" conditionals="0" coveredconditionals="0" methods="1" coveredmethods="1"/>
          <line num="7" count="3" type="stmt"/>
          <line num="9" count="3" type="stmt"/>
          <line num="16" count="3" type="stmt"/>
          <line num="19" count="3" type="stmt"/>
          <line num="20" count="26" type="stmt"/>
          <line num="25" count="26" type="stmt"/>
          <line num="32" count="3" type="stmt"/>
          <line num="33" count="3" type="stmt"/>
        </file>
        <file name="DetailView.jsx" path="/Users/er047227/terra-clinical/packages/terra-clinical-detail-view/src/DetailView.jsx">
          <metrics statements="27" coveredstatements="27" conditionals="10" coveredconditionals="10" methods="3" coveredmethods="3"/>
          <line num="9" count="3" type="stmt"/>
          <line num="11" count="3" type="stmt"/>
          <line num="58" count="3" type="stmt"/>
          <line num="70" count="3" type="stmt"/>
          <line num="82" count="11" type="stmt"/>
          <line num="83" count="11" type="stmt"/>
          <line num="84" count="11" type="stmt"/>
          <line num="88" count="11" type="cond" truecount="2" falsecount="0"/>
          <line num="89" count="11" type="stmt"/>
          <line num="91" count="2" type="stmt"/>
          <line num="93" count="11" type="stmt"/>
          <line num="95" count="10" type="stmt"/>
          <line num="97" count="11" type="cond" truecount="2" falsecount="0"/>
          <line num="98" count="11" type="cond" truecount="2" falsecount="0"/>
          <line num="100" count="11" type="stmt"/>
          <line num="101" count="11" type="stmt"/>
          <line num="103" count="11" type="cond" truecount="2" falsecount="0"/>
          <line num="104" count="10" type="stmt"/>
          <line num="106" count="10" type="stmt"/>
          <line num="107" count="2" type="stmt"/>
          <line num="108" count="2" type="stmt"/>
          <line num="111" count="1" type="stmt"/>
          <line num="114" count="11" type="stmt"/>
          <line num="131" count="3" type="stmt"/>
          <line num="132" count="3" type="stmt"/>
          <line num="133" count="3" type="stmt"/>
          <line num="134" count="3" type="stmt"/>
        </file>
      </package>
      <package name="terra-clinical-header.src">
        <metrics statements="17" coveredstatements="15" conditionals="10" coveredconditionals="9" methods="1" coveredmethods="1"/>
        <file name="Header.jsx" path="/Users/er047227/terra-clinical/packages/terra-clinical-header/src/Header.jsx">
          <metrics statements="17" coveredstatements="15" conditionals="10" coveredconditionals="9" methods="1" coveredmethods="1"/>
          <line num="7" count="1" type="stmt"/>
          <line num="9" count="1" type="stmt"/>
          <line num="38" count="1" type="stmt"/>
          <line num="45" count="1" type="stmt"/>
          <line num="49" count="7" type="cond" truecount="2" falsecount="0"/>
          <line num="50" count="3" type="stmt"/>
          <line num="54" count="7" type="cond" truecount="2" falsecount="0"/>
          <line num="55" count="4" type="stmt"/>
          <line num="65" count="7" type="cond" truecount="2" falsecount="0"/>
          <line num="66" count="3" type="stmt"/>
          <line num="70" count="7" type="cond" truecount="1" falsecount="1"/>
          <line num="71" count="0" type="stmt"/>
          <line num="75" count="0" type="stmt"/>
          <line num="78" count="7" type="cond" truecount="2" falsecount="0"/>
          <line num="80" count="7" type="stmt"/>
          <line num="92" count="1" type="stmt"/>
          <line num="93" count="1" type="stmt"/>
        </file>
      </package>
      <package name="terra-clinical-item-collection.src">
        <metrics statements="107" coveredstatements="98" conditionals="70" coveredconditionals="57" methods="18" coveredmethods="15"/>
        <file name="Item.jsx" path="/Users/er047227/terra-clinical/packages/terra-clinical-item-collection/src/Item.jsx">
          <metrics statements="25" coveredstatements="25" conditionals="14" coveredconditionals="14" methods="5" coveredmethods="5"/>
          <line num="10" count="5" type="stmt"/>
          <line num="12" count="5" type="stmt"/>
          <line num="71" count="5" type="stmt"/>
          <line num="89" count="13" type="stmt"/>
          <line num="92" count="13" type="stmt"/>
          <line num="102" count="13" type="stmt"/>
          <line num="114" count="38" type="stmt"/>
          <line num="121" count="38" type="stmt"/>
          <line num="127" count="12" type="stmt"/>
          <line num="129" count="12" type="stmt"/>
          <line num="130" count="20" type="stmt"/>
          <line num="131" count="20" type="stmt"/>
          <line num="134" count="12" type="stmt"/>
          <line num="144" count="5" type="stmt"/>
          <line num="160" count="25" type="stmt"/>
          <line num="162" count="25" type="stmt"/>
          <line num="165" count="25" type="cond" truecount="2" falsecount="0"/>
          <line num="167" count="25" type="cond" truecount="2" falsecount="0"/>
          <line num="168" count="12" type="stmt"/>
          <line num="171" count="13" type="stmt"/>
          <line num="174" count="13" type="stmt"/>
          <line num="177" count="5" type="stmt"/>
          <line num="178" count="5" type="stmt"/>
          <line num="179" count="5" type="stmt"/>
          <line num="180" count="5" type="stmt"/>
        </file>
        <file name="ItemCollection.jsx" path="/Users/er047227/terra-clinical/packages/terra-clinical-item-collection/src/ItemCollection.jsx">
          <metrics statements="17" coveredstatements="17" conditionals="2" coveredconditionals="2" methods="1" coveredmethods="1"/>
          <line num="11" count="4" type="stmt"/>
          <line num="13" count="4" type="stmt"/>
          <line num="57" count="4" type="stmt"/>
          <line num="69" count="4" type="stmt"/>
          <line num="82" count="11" type="stmt"/>
          <line num="84" count="11" type="cond" truecount="2" falsecount="0"/>
          <line num="85" count="11" type="stmt"/>
          <line num="93" count="11" type="stmt"/>
          <line num="103" count="11" type="stmt"/>
          <line num="113" count="11" type="stmt"/>
          <line num="114" count="11" type="stmt"/>
          <line num="116" count="11" type="stmt"/>
          <line num="126" count="4" type="stmt"/>
          <line num="127" count="4" type="stmt"/>
          <line num="130" count="4" type="stmt"/>
          <line num="131" count="4" type="stmt"/>
          <line num="132" count="4" type="stmt"/>
        </file>
        <file name="_ItemCollectionUtils.jsx" path="/Users/er047227/terra-clinical/packages/terra-clinical-item-collection/src/_ItemCollectionUtils.jsx">
          <metrics statements="40" coveredstatements="31" conditionals="38" coveredconditionals="30" methods="5" coveredmethods="2"/>
          <line num="1" count="4" type="stmt"/>
          <line num="16" count="9" type="stmt"/>
          <line num="19" count="9" type="stmt"/>
          <line num="20" count="9" type="stmt"/>
          <line num="24" count="9" type="cond" truecount="2" falsecount="0"/>
          <line num="25" count="9" type="stmt"/>
          <line num="27" count="9" type="stmt"/>
          <line num="28" count="9" type="cond" truecount="4" falsecount="0"/>
          <line num="30" count="5" type="cond" truecount="2" falsecount="0"/>
          <line num="32" count="9" type="stmt"/>
          <line num="34" count="9" type="cond" truecount="2" falsecount="0"/>
          <line num="35" count="9" type="cond" truecount="2" falsecount="0"/>
          <line num="37" count="9" type="stmt"/>
          <line num="50" count="11" type="stmt"/>
          <line num="53" count="11" type="stmt"/>
          <line num="54" count="11" type="stmt"/>
          <line num="58" count="11" type="cond" truecount="2" falsecount="0"/>
          <line num="59" count="5" type="cond" truecount="2" falsecount="0"/>
          <line num="62" count="11" type="stmt"/>
          <line num="63" count="11" type="cond" truecount="2" falsecount="0"/>
          <line num="64" count="5" type="cond" truecount="2" falsecount="0"/>
          <line num="66" count="4" type="cond" truecount="2" falsecount="0"/>
          <line num="68" count="5" type="stmt"/>
          <line num="69" count="17" type="stmt"/>
          <line num="72" count="11" type="stmt"/>
          <line num="74" count="11" type="cond" truecount="2" falsecount="0"/>
          <line num="75" count="5" type="cond" truecount="2" falsecount="0"/>
          <line num="78" count="11" type="cond" truecount="2" falsecount="0"/>
          <line num="79" count="5" type="cond" truecount="2" falsecount="0"/>
          <line num="82" count="11" type="stmt"/>
          <line num="93" count="0" type="stmt"/>
          <line num="95" count="0" type="cond" truecount="0" falsecount="4"/>
          <line num="97" count="0" type="stmt"/>
          <line num="101" count="0" type="stmt"/>
          <line num="102" count="0" type="stmt"/>
          <line num="105" count="0" type="stmt"/>
          <line num="106" count="0" type="cond" truecount="0" falsecount="4"/>
          <line num="107" count="0" type="stmt"/>
          <line num="111" count="0" type="stmt"/>
          <line num="114" count="4" type="stmt"/>
        </file>
        <file name="_ListView.jsx" path="/Users/er047227/terra-clinical/packages/terra-clinical-item-collection/src/_ListView.jsx">
          <metrics statements="9" coveredstatements="9" conditionals="4" coveredconditionals="2" methods="3" coveredmethods="3"/>
          <line num="6" count="4" type="stmt"/>
          <line num="32" count="3" type="stmt"/>
          <line num="33" count="2" type="stmt"/>
          <line num="34" count="2" type="cond" truecount="2" falsecount="2"/>
          <line num="35" count="2" type="stmt"/>
          <line num="39" count="4" type="stmt"/>
          <line num="42" count="3" type="stmt"/>
          <line num="44" count="3" type="stmt"/>
          <line num="51" count="4" type="stmt"/>
        </file>
        <file name="_TableView.jsx" path="/Users/er047227/terra-clinical/packages/terra-clinical-item-collection/src/_TableView.jsx">
          <metrics statements="16" coveredstatements="16" conditionals="12" coveredconditionals="9" methods="4" coveredmethods="4"/>
          <line num="7" count="4" type="stmt"/>
          <line num="39" count="3" type="stmt"/>
          <line num="41" count="3" type="stmt"/>
          <line num="42" count="3" type="cond" truecount="1" falsecount="1"/>
          <line num="43" count="3" type="stmt"/>
          <line num="44" count="24" type="stmt"/>
          <line num="48" count="3" type="stmt"/>
          <line num="59" count="3" type="stmt"/>
          <line num="60" count="2" type="stmt"/>
          <line num="61" count="2" type="cond" truecount="2" falsecount="2"/>
          <line num="62" count="2" type="stmt"/>
          <line num="66" count="4" type="stmt"/>
          <line num="69" count="3" type="stmt"/>
          <line num="70" count="3" type="stmt"/>
          <line num="72" count="3" type="stmt"/>
          <line num="87" count="4" type="stmt"/>
        </file>
      </package>
      <package name="terra-clinical-item-display.src">
        <metrics statements="20" coveredstatements="20" conditionals="2" coveredconditionals="2" methods="2" coveredmethods="2"/>
        <file name="ItemComment.jsx" path="/Users/er047227/terra-clinical/packages/terra-clinical-item-display/src/ItemComment.jsx">
          <metrics statements="7" coveredstatements="7" conditionals="0" coveredconditionals="0" methods="1" coveredmethods="1"/>
          <line num="9" count="2" type="stmt"/>
          <line num="11" count="2" type="stmt"/>
          <line num="22" count="2" type="stmt"/>
          <line num="27" count="2" type="stmt"/>
          <line num="32" count="6" type="stmt"/>
          <line num="41" count="2" type="stmt"/>
          <line num="42" count="2" type="stmt"/>
        </file>
        <file name="ItemDisplay.jsx" path="/Users/er047227/terra-clinical/packages/terra-clinical-item-display/src/ItemDisplay.jsx">
          <metrics statements="13" coveredstatements="13" conditionals="2" coveredconditionals="2" methods="1" coveredmethods="1"/>
          <line num="8" count="2" type="stmt"/>
          <line num="10" count="2" type="stmt"/>
          <line num="17" count="2" type="stmt"/>
          <line num="40" count="2" type="stmt"/>
          <line num="48" count="2" type="stmt"/>
          <line num="56" count="11" type="stmt"/>
          <line num="61" count="11" type="stmt"/>
          <line num="68" count="11" type="cond" truecount="2" falsecount="0"/>
          <line num="69" count="3" type="stmt"/>
          <line num="72" count="11" type="stmt"/>
          <line num="80" count="2" type="stmt"/>
          <line num="81" count="2" type="stmt"/>
          <line num="82" count="2" type="stmt"/>
        </file>
      </package>
      <package name="terra-clinical-item-view.src">
        <metrics statements="60" coveredstatements="0" conditionals="23" coveredconditionals="0" methods="9" coveredmethods="0"/>
        <file name="ItemView.jsx" path="/Users/er047227/terra-clinical/packages/terra-clinical-item-view/src/ItemView.jsx">
          <metrics statements="60" coveredstatements="0" conditionals="23" coveredconditionals="0" methods="9" coveredmethods="0"/>
          <line num="1" count="0" type="stmt"/>
          <line num="2" count="0" type="stmt"/>
          <line num="3" count="0" type="stmt"/>
          <line num="4" count="0" type="stmt"/>
          <line num="5" count="0" type="stmt"/>
          <line num="6" count="0" type="stmt"/>
          <line num="8" count="0" type="stmt"/>
          <line num="10" count="0" type="stmt"/>
          <line num="53" count="0" type="stmt"/>
          <line num="65" count="0" type="stmt"/>
          <line num="66" count="0" type="stmt"/>
          <line num="67" count="0" type="cond" truecount="0" falsecount="4"/>
          <line num="68" count="0" type="stmt"/>
          <line num="75" count="0" type="stmt"/>
          <line num="81" count="0" type="stmt"/>
          <line num="84" count="0" type="stmt"/>
          <line num="85" count="0" type="stmt"/>
          <line num="86" count="0" type="stmt"/>
          <line num="88" count="0" type="cond" truecount="0" falsecount="2"/>
          <line num="89" count="0" type="stmt"/>
          <line num="92" count="0" type="cond" truecount="0" falsecount="4"/>
          <line num="93" count="0" type="stmt"/>
          <line num="94" count="0" type="cond" truecount="0" falsecount="2"/>
          <line num="95" count="0" type="stmt"/>
          <line num="98" count="0" type="stmt"/>
          <line num="101" count="0" type="stmt"/>
          <line num="102" count="0" type="cond" truecount="0" falsecount="2"/>
          <line num="103" count="0" type="stmt"/>
          <line num="106" count="0" type="stmt"/>
          <line num="109" count="0" type="stmt"/>
          <line num="110" count="0" type="stmt"/>
          <line num="111" count="0" type="cond" truecount="0" falsecount="2"/>
          <line num="112" count="0" type="stmt"/>
          <line num="114" count="0" type="stmt"/>
          <line num="116" count="0" type="stmt"/>
          <line num="119" count="0" type="stmt"/>
          <line num="120" count="0" type="stmt"/>
          <line num="121" count="0" type="stmt"/>
          <line num="124" count="0" type="stmt"/>
          <line num="125" count="0" type="stmt"/>
          <line num="126" count="0" type="stmt"/>
          <line num="136" count="0" type="stmt"/>
          <line num="137" count="0" type="cond" truecount="0" falsecount="5"/>
          <line num="138" count="0" type="stmt"/>
          <line num="141" count="0" type="stmt"/>
          <line num="142" count="0" type="stmt"/>
          <line num="143" count="0" type="cond" truecount="0" falsecount="2"/>
          <line num="145" count="0" type="stmt"/>
          <line num="146" count="0" type="stmt"/>
          <line num="149" count="0" type="stmt"/>
          <line num="152" count="0" type="stmt"/>
          <line num="153" count="0" type="stmt"/>
          <line num="159" count="0" type="stmt"/>
          <line num="171" count="0" type="stmt"/>
          <line num="172" count="0" type="stmt"/>
          <line num="180" count="0" type="stmt"/>
          <line num="192" count="0" type="stmt"/>
          <line num="193" count="0" type="stmt"/>
          <line num="194" count="0" type="stmt"/>
          <line num="195" count="0" type="stmt"/>
        </file>
      </package>
      <package name="terra-clinical-label-value-view.src">
        <metrics statements="11" coveredstatements="11" conditionals="6" coveredconditionals="6" methods="1" coveredmethods="1"/>
        <file name="LabelValueView.jsx" path="/Users/er047227/terra-clinical/packages/terra-clinical-label-value-view/src/LabelValueView.jsx">
          <metrics statements="11" coveredstatements="11" conditionals="6" coveredconditionals="6" methods="1" coveredmethods="1"/>
          <line num="7" count="1" type="stmt"/>
          <line num="9" count="1" type="stmt"/>
          <line num="24" count="1" type="stmt"/>
          <line num="29" count="1" type="stmt"/>
          <line num="33" count="9" type="cond" truecount="4" falsecount="0"/>
          <line num="34" count="5" type="stmt"/>
          <line num="35" count="4" type="cond" truecount="2" falsecount="0"/>
          <line num="36" count="3" type="stmt"/>
          <line num="39" count="9" type="stmt"/>
          <line num="48" count="1" type="stmt"/>
          <line num="49" count="1" type="stmt"/>
        </file>
      </package>
      <package name="terra-clinical-onset-picker.src">
        <metrics statements="149" coveredstatements="0" conditionals="57" coveredconditionals="0" methods="6" coveredmethods="0"/>
        <file name="OnsetPicker.jsx" path="/Users/er047227/terra-clinical/packages/terra-clinical-onset-picker/src/OnsetPicker.jsx">
          <metrics statements="88" coveredstatements="0" conditionals="30" coveredconditionals="0" methods="3" coveredmethods="0"/>
          <line num="1" count="0" type="stmt"/>
          <line num="2" count="0" type="stmt"/>
          <line num="3" count="0" type="stmt"/>
          <line num="4" count="0" type="stmt"/>
          <line num="5" count="0" type="stmt"/>
          <line num="6" count="0" type="stmt"/>
          <line num="7" count="0" type="stmt"/>
          <line num="8" count="0" type="stmt"/>
          <line num="9" count="0" type="stmt"/>
          <line num="10" count="0" type="stmt"/>
          <line num="11" count="0" type="stmt"/>
          <line num="12" count="0" type="stmt"/>
          <line num="14" count="0" type="stmt"/>
          <line num="16" count="0" type="stmt"/>
          <line num="23" count="0" type="stmt"/>
          <line num="105" count="0" type="stmt"/>
          <line num="117" count="0" type="stmt"/>
          <line num="120" count="0" type="cond" truecount="0" falsecount="2"/>
          <line num="121" count="0" type="stmt"/>
          <line num="127" count="0" type="cond" truecount="0" falsecount="2"/>
          <line num="131" count="0" type="stmt"/>
          <line num="132" count="0" type="stmt"/>
          <line num="133" count="0" type="stmt"/>
          <line num="134" count="0" type="stmt"/>
          <line num="135" count="0" type="stmt"/>
          <line num="136" count="0" type="stmt"/>
          <line num="137" count="0" type="stmt"/>
          <line num="138" count="0" type="stmt"/>
          <line num="140" count="0" type="stmt"/>
          <line num="142" count="0" type="stmt"/>
          <line num="155" count="0" type="cond" truecount="0" falsecount="2"/>
          <line num="156" count="0" type="stmt"/>
          <line num="157" count="0" type="stmt"/>
          <line num="159" count="0" type="stmt"/>
          <line num="165" count="0" type="stmt"/>
          <line num="167" count="0" type="stmt"/>
          <line num="169" count="0" type="cond" truecount="0" falsecount="2"/>
          <line num="170" count="0" type="stmt"/>
          <line num="178" count="0" type="stmt"/>
          <line num="180" count="0" type="cond" truecount="0" falsecount="2"/>
          <line num="181" count="0" type="stmt"/>
          <line num="189" count="0" type="stmt"/>
          <line num="191" count="0" type="stmt"/>
          <line num="195" count="0" type="stmt"/>
          <line num="202" count="0" type="stmt"/>
          <line num="204" count="0" type="stmt"/>
          <line num="208" count="0" type="stmt"/>
          <line num="215" count="0" type="stmt"/>
          <line num="216" count="0" type="stmt"/>
          <line num="219" count="0" type="cond" truecount="0" falsecount="2"/>
          <line num="220" count="0" type="stmt"/>
          <line num="223" count="0" type="stmt"/>
          <line num="226" count="0" type="stmt"/>
          <line num="233" count="0" type="stmt"/>
          <line num="235" count="0" type="stmt"/>
          <line num="236" count="0" type="stmt"/>
          <line num="243" count="0" type="stmt"/>
          <line num="245" count="0" type="stmt"/>
          <line num="246" count="0" type="stmt"/>
          <line num="253" count="0" type="cond" truecount="0" falsecount="2"/>
          <line num="254" count="0" type="stmt"/>
          <line num="258" count="0" type="stmt"/>
          <line num="272" count="0" type="stmt"/>
          <line num="274" count="0" type="stmt"/>
          <line num="276" count="0" type="stmt"/>
          <line num="277" count="0" type="cond" truecount="0" falsecount="2"/>
          <line num="278" count="0" type="stmt"/>
          <line num="291" count="0" type="stmt"/>
          <line num="292" count="0" type="stmt"/>
          <line num="293" count="0" type="cond" truecount="0" falsecount="2"/>
          <line num="294" count="0" type="stmt"/>
          <line num="305" count="0" type="stmt"/>
          <line num="315" count="0" type="stmt"/>
          <line num="316" count="0" type="cond" truecount="0" falsecount="2"/>
          <line num="317" count="0" type="stmt"/>
          <line num="327" count="0" type="stmt"/>
          <line num="328" count="0" type="cond" truecount="0" falsecount="4"/>
          <line num="329" count="0" type="stmt"/>
          <line num="339" count="0" type="stmt"/>
          <line num="340" count="0" type="cond" truecount="0" falsecount="2"/>
          <line num="341" count="0" type="stmt"/>
          <line num="354" count="0" type="stmt"/>
          <line num="385" count="0" type="stmt"/>
          <line num="386" count="0" type="stmt"/>
          <line num="387" count="0" type="stmt"/>
          <line num="388" count="0" type="stmt"/>
          <line num="389" count="0" type="stmt"/>
          <line num="390" count="0" type="stmt"/>
        </file>
        <file name="OnsetUtils.js" path="/Users/er047227/terra-clinical/packages/terra-clinical-onset-picker/src/OnsetUtils.js">
          <metrics statements="61" coveredstatements="0" conditionals="27" coveredconditionals="0" methods="3" coveredmethods="0"/>
          <line num="1" count="0" type="stmt"/>
          <line num="3" count="0" type="stmt"/>
          <line num="4" count="0" type="stmt"/>
          <line num="5" count="0" type="stmt"/>
          <line num="19" count="0" type="stmt"/>
          <line num="20" count="0" type="stmt"/>
          <line num="21" count="0" type="stmt"/>
          <line num="22" count="0" type="stmt"/>
          <line num="36" count="0" type="cond" truecount="0" falsecount="2"/>
          <line num="37" count="0" type="stmt"/>
          <line num="40" count="0" type="cond" truecount="0" falsecount="2"/>
          <line num="41" count="0" type="stmt"/>
          <line num="44" count="0" type="stmt"/>
          <line num="52" count="0" type="stmt"/>
          <line num="53" count="0" type="stmt"/>
          <line num="55" count="0" type="stmt"/>
          <line num="56" count="0" type="stmt"/>
          <line num="57" count="0" type="stmt"/>
          <line num="67" count="0" type="stmt"/>
          <line num="68" count="0" type="stmt"/>
          <line num="70" count="0" type="stmt"/>
          <line num="72" count="0" type="stmt"/>
          <line num="74" count="0" type="stmt"/>
          <line num="75" count="0" type="cond" truecount="0" falsecount="2"/>
          <line num="78" count="0" type="stmt"/>
          <line num="79" count="0" type="cond" truecount="0" falsecount="2"/>
          <line num="89" count="0" type="stmt"/>
          <line num="90" count="0" type="stmt"/>
          <line num="92" count="0" type="cond" truecount="0" falsecount="2"/>
          <line num="93" count="0" type="stmt"/>
          <line num="96" count="0" type="stmt"/>
          <line num="99" count="0" type="cond" truecount="0" falsecount="2"/>
          <line num="100" count="0" type="stmt"/>
          <line num="104" count="0" type="cond" truecount="0" falsecount="2"/>
          <line num="105" count="0" type="stmt"/>
          <line num="108" count="0" type="stmt"/>
          <line num="115" count="0" type="stmt"/>
          <line num="116" count="0" type="stmt"/>
          <line num="117" count="0" type="stmt"/>
          <line num="119" count="0" type="cond" truecount="0" falsecount="2"/>
          <line num="120" count="0" type="stmt"/>
          <line num="122" count="0" type="cond" truecount="0" falsecount="2"/>
          <line num="123" count="0" type="stmt"/>
          <line num="126" count="0" type="stmt"/>
          <line num="129" count="0" type="stmt"/>
          <line num="136" count="0" type="stmt"/>
          <line num="138" count="0" type="stmt"/>
          <line num="139" count="0" type="stmt"/>
          <line num="141" count="0" type="stmt"/>
          <line num="142" count="0" type="stmt"/>
          <line num="144" count="0" type="stmt"/>
          <line num="145" count="0" type="stmt"/>
          <line num="147" count="0" type="stmt"/>
          <line num="148" count="0" type="stmt"/>
          <line num="150" count="0" type="stmt"/>
          <line num="151" count="0" type="stmt"/>
          <line num="153" count="0" type="stmt"/>
          <line num="154" count="0" type="stmt"/>
          <line num="156" count="0" type="stmt"/>
          <line num="159" count="0" type="stmt"/>
          <line num="163" count="0" type="stmt"/>
        </file>
      </package>
    </metrics>
  </project>
</coverage>
