{"/Users/er047227/terra-clinical/packages/terra-clinical-application/src/Application.jsx": {"path":"/Users/er047227/terra-clinical/packages/terra-clinical-application/src/Application.jsx","statementMap":{"0":{"start":{"line":1,"column":0},"end":{"line":null,"column":-1}},"1":{"start":{"line":2,"column":0},"end":{"line":null,"column":-1}},"2":{"start":{"line":3,"column":0},"end":{"line":null,"column":-1}},"3":{"start":{"line":4,"column":0},"end":{"line":null,"column":-1}},"4":{"start":{"line":5,"column":0},"end":{"line":null,"column":-1}},"5":{"start":{"line":6,"column":0},"end":{"line":null,"column":-1}},"6":{"start":{"line":7,"column":0},"end":{"line":null,"column":-1}},"7":{"start":{"line":9,"column":11},"end":{"line":9,"column":0}},"8":{"start":{"line":11,"column":18},"end":{"line":11,"column":0}},"9":{"start":{"line":23,"column":20},"end":{"line":23,"column":0}},"10":{"start":{"line":23,"column":59},"end":{"line":23,"column":58}},"11":{"start":{"line":23,"column":59},"end":{"line":null,"column":-1}},"12":{"start":{"line":24,"column":25},"end":{"line":24,"column":2}},"13":{"start":{"line":26,"column":2},"end":{"line":30,"column":3}},"14":{"start":{"line":27,"column":4},"end":{"line":null,"column":-1}},"15":{"start":{"line":27,"column":52},"end":{"line":null,"column":-1}},"16":{"start":{"line":32,"column":2},"end":{"line":null,"column":-1}},"17":{"start":{"line":39,"column":0},"end":{"line":null,"column":-1}}},"fnMap":{"0":{"name":"Application","decl":{"start":{"line":23,"column":6},"end":{"line":23,"column":20}},"loc":{"start":{"line":23,"column":59},"end":{"line":23,"column":0}}},"1":{"name":"(anonymous_4)","decl":{"start":{"line":27,"column":52},"end":{"line":null,"column":-1}},"loc":{"start":{"line":27,"column":52},"end":{"line":27,"column":23}}}},"branchMap":{"0":{"loc":{"start":{"line":26,"column":2},"end":{"line":30,"column":3}},"type":"if","locations":[{"start":{"line":26,"column":2},"end":{"line":30,"column":3}},{"start":{"line":26,"column":2},"end":{"line":30,"column":3}}]}},"s":{"0":0,"1":0,"2":0,"3":0,"4":0,"5":0,"6":0,"7":0,"8":0,"9":0,"10":0,"11":0,"12":0,"13":0,"14":0,"15":0,"16":0,"17":0},"f":{"0":0,"1":0},"b":{"0":[0,0]}}
,"/Users/er047227/terra-clinical/packages/terra-clinical-detail-view/src/DetailList.jsx": {"path":"/Users/er047227/terra-clinical/packages/terra-clinical-detail-view/src/DetailList.jsx","statementMap":{"0":{"start":{"line":8,"column":11},"end":{"line":8,"column":34}},"1":{"start":{"line":10,"column":18},"end":{"line":24,"column":1}},"2":{"start":{"line":26,"column":21},"end":{"line":29,"column":1}},"3":{"start":{"line":31,"column":19},"end":{"line":45,"column":1}},"4":{"start":{"line":33,"column":2},"end":{"line":35,"column":3}},"5":{"start":{"line":34,"column":4},"end":{"line":34,"column":64}},"6":{"start":{"line":37,"column":2},"end":{"line":44,"column":4}},"7":{"start":{"line":47,"column":0},"end":{"line":47,"column":33}},"8":{"start":{"line":48,"column":0},"end":{"line":48,"column":39}}},"fnMap":{"0":{"name":"(anonymous_0)","decl":{"start":{"line":31,"column":19},"end":{"line":31,"column":20}},"loc":{"start":{"line":31,"column":60},"end":{"line":45,"column":1}},"line":31}},"branchMap":{"0":{"loc":{"start":{"line":33,"column":2},"end":{"line":35,"column":3}},"type":"if","locations":[{"start":{"line":33,"column":2},"end":{"line":35,"column":3}},{"start":{"line":33,"column":2},"end":{"line":35,"column":3}}],"line":33}},"s":{"0":3,"1":3,"2":3,"3":3,"4":7,"5":5,"6":7,"7":3,"8":3},"f":{"0":7},"b":{"0":[5,2]},"_coverageSchema":"332fd63041d2c1bcb487cc26dd0d5f7d97098a6c","hash":"c3ab8d4193c3737d89f2a009b3e5738b52d6203e"}
,"/Users/er047227/terra-clinical/packages/terra-clinical-detail-view/src/DetailListItem.jsx": {"path":"/Users/er047227/terra-clinical/packages/terra-clinical-detail-view/src/DetailListItem.jsx","statementMap":{"0":{"start":{"line":7,"column":11},"end":{"line":7,"column":34}},"1":{"start":{"line":9,"column":18},"end":{"line":14,"column":1}},"2":{"start":{"line":16,"column":21},"end":{"line":17,"column":1}},"3":{"start":{"line":19,"column":23},"end":{"line":30,"column":1}},"4":{"start":{"line":20,"column":35},"end":{"line":23,"column":4}},"5":{"start":{"line":25,"column":2},"end":{"line":29,"column":4}},"6":{"start":{"line":32,"column":0},"end":{"line":32,"column":37}},"7":{"start":{"line":33,"column":0},"end":{"line":33,"column":43}}},"fnMap":{"0":{"name":"(anonymous_0)","decl":{"start":{"line":19,"column":23},"end":{"line":19,"column":24}},"loc":{"start":{"line":19,"column":53},"end":{"line":30,"column":1}},"line":19}},"branchMap":{},"s":{"0":3,"1":3,"2":3,"3":3,"4":26,"5":26,"6":3,"7":3},"f":{"0":26},"b":{},"_coverageSchema":"332fd63041d2c1bcb487cc26dd0d5f7d97098a6c","hash":"ff9ea581daf2fb2b7618c5cc59c8df800d21702d"}
,"/Users/er047227/terra-clinical/packages/terra-clinical-detail-view/src/DetailView.jsx": {"path":"/Users/er047227/terra-clinical/packages/terra-clinical-detail-view/src/DetailView.jsx","statementMap":{"0":{"start":{"line":9,"column":11},"end":{"line":9,"column":34}},"1":{"start":{"line":11,"column":18},"end":{"line":56,"column":1}},"2":{"start":{"line":58,"column":21},"end":{"line":68,"column":1}},"3":{"start":{"line":70,"column":19},"end":{"line":129,"column":1}},"4":{"start":{"line":82,"column":6},"end":{"line":82,"column":11}},"5":{"start":{"line":83,"column":21},"end":{"line":83,"column":51}},"6":{"start":{"line":84,"column":2},"end":{"line":86,"column":5}},"7":{"start":{"line":88,"column":23},"end":{"line":88,"column":87}},"8":{"start":{"line":89,"column":34},"end":{"line":92,"column":4}},"9":{"start":{"line":91,"column":4},"end":{"line":91,"column":77}},"10":{"start":{"line":93,"column":27},"end":{"line":96,"column":4}},"11":{"start":{"line":95,"column":4},"end":{"line":95,"column":65}},"12":{"start":{"line":97,"column":27},"end":{"line":97,"column":98}},"13":{"start":{"line":98,"column":24},"end":{"line":98,"column":91}},"14":{"start":{"line":100,"column":16},"end":{"line":100,"column":20}},"15":{"start":{"line":101,"column":23},"end":{"line":101,"column":25}},"16":{"start":{"line":103,"column":2},"end":{"line":112,"column":3}},"17":{"start":{"line":104,"column":4},"end":{"line":104,"column":49}},"18":{"start":{"line":106,"column":4},"end":{"line":109,"column":5}},"19":{"start":{"line":107,"column":6},"end":{"line":107,"column":38}},"20":{"start":{"line":108,"column":6},"end":{"line":108,"column":35}},"21":{"start":{"line":111,"column":4},"end":{"line":111,"column":29}},"22":{"start":{"line":114,"column":2},"end":{"line":128,"column":4}},"23":{"start":{"line":131,"column":0},"end":{"line":131,"column":33}},"24":{"start":{"line":132,"column":0},"end":{"line":132,"column":39}},"25":{"start":{"line":133,"column":0},"end":{"line":133,"column":35}},"26":{"start":{"line":134,"column":0},"end":{"line":134,"column":43}}},"fnMap":{"0":{"name":"(anonymous_0)","decl":{"start":{"line":70,"column":19},"end":{"line":70,"column":20}},"loc":{"start":{"line":70,"column":30},"end":{"line":129,"column":1}},"line":70},"1":{"name":"(anonymous_1)","decl":{"start":{"line":89,"column":54},"end":{"line":89,"column":55}},"loc":{"start":{"line":91,"column":4},"end":{"line":91,"column":77}},"line":91},"2":{"name":"(anonymous_2)","decl":{"start":{"line":93,"column":41},"end":{"line":93,"column":42}},"loc":{"start":{"line":95,"column":4},"end":{"line":95,"column":65}},"line":95}},"branchMap":{"0":{"loc":{"start":{"line":88,"column":23},"end":{"line":88,"column":87}},"type":"cond-expr","locations":[{"start":{"line":88,"column":32},"end":{"line":88,"column":79}},{"start":{"line":88,"column":83},"end":{"line":88,"column":87}}],"line":88},"1":{"loc":{"start":{"line":97,"column":27},"end":{"line":97,"column":98}},"type":"cond-expr","locations":[{"start":{"line":97,"column":40},"end":{"line":97,"column":90}},{"start":{"line":97,"column":94},"end":{"line":97,"column":98}}],"line":97},"2":{"loc":{"start":{"line":98,"column":24},"end":{"line":98,"column":91}},"type":"cond-expr","locations":[{"start":{"line":98,"column":34},"end":{"line":98,"column":83}},{"start":{"line":98,"column":87},"end":{"line":98,"column":91}}],"line":98},"3":{"loc":{"start":{"line":103,"column":2},"end":{"line":112,"column":3}},"type":"if","locations":[{"start":{"line":103,"column":2},"end":{"line":112,"column":3}},{"start":{"line":103,"column":2},"end":{"line":112,"column":3}}],"line":103},"4":{"loc":{"start":{"line":122,"column":7},"end":{"line":122,"column":23}},"type":"binary-expr","locations":[{"start":{"line":122,"column":7},"end":{"line":122,"column":12}},{"start":{"line":122,"column":16},"end":{"line":122,"column":23}}],"line":122}},"s":{"0":3,"1":3,"2":3,"3":3,"4":11,"5":11,"6":11,"7":11,"8":11,"9":2,"10":11,"11":10,"12":11,"13":11,"14":11,"15":11,"16":11,"17":10,"18":10,"19":2,"20":2,"21":1,"22":11,"23":3,"24":3,"25":3,"26":3},"f":{"0":11,"1":2,"2":10},"b":{"0":[9,2],"1":[1,10],"2":[2,9],"3":[10,1],"4":[11,1]},"_coverageSchema":"332fd63041d2c1bcb487cc26dd0d5f7d97098a6c","hash":"3a4af85af60c366b6df5690683703fce42078801"}
,"/Users/er047227/terra-clinical/packages/terra-clinical-header/src/Header.jsx": {"path":"/Users/er047227/terra-clinical/packages/terra-clinical-header/src/Header.jsx","statementMap":{"0":{"start":{"line":7,"column":11},"end":{"line":7,"column":34}},"1":{"start":{"line":9,"column":18},"end":{"line":36,"column":1}},"2":{"start":{"line":38,"column":21},"end":{"line":43,"column":1}},"3":{"start":{"line":45,"column":15},"end":{"line":90,"column":1}},"4":{"start":{"line":49,"column":2},"end":{"line":51,"column":3}},"5":{"start":{"line":50,"column":4},"end":{"line":50,"column":72}},"6":{"start":{"line":54,"column":2},"end":{"line":62,"column":3}},"7":{"start":{"line":55,"column":4},"end":{"line":61,"column":6}},"8":{"start":{"line":65,"column":2},"end":{"line":67,"column":3}},"9":{"start":{"line":66,"column":4},"end":{"line":66,"column":68}},"10":{"start":{"line":70,"column":2},"end":{"line":76,"column":3}},"11":{"start":{"line":71,"column":28},"end":{"line":74,"column":6}},"12":{"start":{"line":75,"column":4},"end":{"line":75,"column":80}},"13":{"start":{"line":78,"column":22},"end":{"line":78,"column":68}},"14":{"start":{"line":80,"column":2},"end":{"line":89,"column":4}},"15":{"start":{"line":92,"column":0},"end":{"line":92,"column":29}},"16":{"start":{"line":93,"column":0},"end":{"line":93,"column":35}}},"fnMap":{"0":{"name":"(anonymous_0)","decl":{"start":{"line":45,"column":15},"end":{"line":45,"column":16}},"loc":{"start":{"line":47,"column":6},"end":{"line":90,"column":1}},"line":47}},"branchMap":{"0":{"loc":{"start":{"line":49,"column":2},"end":{"line":51,"column":3}},"type":"if","locations":[{"start":{"line":49,"column":2},"end":{"line":51,"column":3}},{"start":{"line":49,"column":2},"end":{"line":51,"column":3}}],"line":49},"1":{"loc":{"start":{"line":54,"column":2},"end":{"line":62,"column":3}},"type":"if","locations":[{"start":{"line":54,"column":2},"end":{"line":62,"column":3}},{"start":{"line":54,"column":2},"end":{"line":62,"column":3}}],"line":54},"2":{"loc":{"start":{"line":65,"column":2},"end":{"line":67,"column":3}},"type":"if","locations":[{"start":{"line":65,"column":2},"end":{"line":67,"column":3}},{"start":{"line":65,"column":2},"end":{"line":67,"column":3}}],"line":65},"3":{"loc":{"start":{"line":70,"column":2},"end":{"line":76,"column":3}},"type":"if","locations":[{"start":{"line":70,"column":2},"end":{"line":76,"column":3}},{"start":{"line":70,"column":2},"end":{"line":76,"column":3}}],"line":70},"4":{"loc":{"start":{"line":78,"column":22},"end":{"line":78,"column":68}},"type":"cond-expr","locations":[{"start":{"line":78,"column":36},"end":{"line":78,"column":52}},{"start":{"line":78,"column":55},"end":{"line":78,"column":68}}],"line":78}},"s":{"0":1,"1":1,"2":1,"3":1,"4":7,"5":3,"6":7,"7":4,"8":7,"9":3,"10":7,"11":0,"12":0,"13":7,"14":7,"15":1,"16":1},"f":{"0":7},"b":{"0":[3,4],"1":[4,3],"2":[3,4],"3":[0,7],"4":[2,5]},"_coverageSchema":"332fd63041d2c1bcb487cc26dd0d5f7d97098a6c","hash":"990ce29752415d1cde0d532fa24ec3387e65c19b"}
,"/Users/er047227/terra-clinical/packages/terra-clinical-item-collection/src/Item.jsx": {"path":"/Users/er047227/terra-clinical/packages/terra-clinical-item-collection/src/Item.jsx","statementMap":{"0":{"start":{"line":10,"column":11},"end":{"line":10,"column":34}},"1":{"start":{"line":12,"column":18},"end":{"line":69,"column":1}},"2":{"start":{"line":71,"column":21},"end":{"line":84,"column":1}},"3":{"start":{"line":89,"column":6},"end":{"line":89,"column":14}},"4":{"start":{"line":92,"column":4},"end":{"line":99,"column":6}},"5":{"start":{"line":102,"column":2},"end":{"line":110,"column":4}},"6":{"start":{"line":114,"column":25},"end":{"line":119,"column":3}},"7":{"start":{"line":121,"column":2},"end":{"line":121,"column":86}},"8":{"start":{"line":127,"column":6},"end":{"line":127,"column":14}},"9":{"start":{"line":129,"column":25},"end":{"line":132,"column":4}},"10":{"start":{"line":130,"column":23},"end":{"line":130,"column":45}},"11":{"start":{"line":131,"column":4},"end":{"line":131,"column":59}},"12":{"start":{"line":134,"column":2},"end":{"line":141,"column":4}},"13":{"start":{"line":144,"column":13},"end":{"line":175,"column":1}},"14":{"start":{"line":160,"column":6},"end":{"line":160,"column":11}},"15":{"start":{"line":162,"column":19},"end":{"line":164,"column":3}},"16":{"start":{"line":165,"column":26},"end":{"line":165,"column":75}},"17":{"start":{"line":167,"column":2},"end":{"line":169,"column":3}},"18":{"start":{"line":168,"column":4},"end":{"line":168,"column":98}},"19":{"start":{"line":171,"column":25},"end":{"line":173,"column":3}},"20":{"start":{"line":174,"column":2},"end":{"line":174,"column":113}},"21":{"start":{"line":177,"column":0},"end":{"line":177,"column":27}},"22":{"start":{"line":178,"column":0},"end":{"line":178,"column":33}},"23":{"start":{"line":179,"column":0},"end":{"line":179,"column":32}},"24":{"start":{"line":180,"column":0},"end":{"line":180,"column":32}}},"fnMap":{"0":{"name":"createListItem","decl":{"start":{"line":86,"column":9},"end":{"line":86,"column":23}},"loc":{"start":{"line":86,"column":113},"end":{"line":111,"column":1}},"line":86},"1":{"name":"createTableCell","decl":{"start":{"line":113,"column":9},"end":{"line":113,"column":24}},"loc":{"start":{"line":113,"column":77},"end":{"line":122,"column":1}},"line":113},"2":{"name":"createTableRow","decl":{"start":{"line":124,"column":9},"end":{"line":124,"column":23}},"loc":{"start":{"line":124,"column":96},"end":{"line":142,"column":1}},"line":124},"3":{"name":"(anonymous_3)","decl":{"start":{"line":129,"column":54},"end":{"line":129,"column":55}},"loc":{"start":{"line":129,"column":74},"end":{"line":132,"column":3}},"line":129},"4":{"name":"(anonymous_4)","decl":{"start":{"line":144,"column":13},"end":{"line":144,"column":14}},"loc":{"start":{"line":144,"column":24},"end":{"line":175,"column":1}},"line":144}},"branchMap":{"0":{"loc":{"start":{"line":117,"column":41},"end":{"line":117,"column":114}},"type":"binary-expr","locations":[{"start":{"line":117,"column":41},"end":{"line":117,"column":74}},{"start":{"line":117,"column":78},"end":{"line":117,"column":114}}],"line":117},"1":{"loc":{"start":{"line":118,"column":38},"end":{"line":118,"column":108}},"type":"binary-expr","locations":[{"start":{"line":118,"column":38},"end":{"line":118,"column":71}},{"start":{"line":118,"column":75},"end":{"line":118,"column":108}}],"line":118},"2":{"loc":{"start":{"line":136,"column":7},"end":{"line":136,"column":108}},"type":"binary-expr","locations":[{"start":{"line":136,"column":7},"end":{"line":136,"column":21}},{"start":{"line":136,"column":25},"end":{"line":136,"column":108}}],"line":136},"3":{"loc":{"start":{"line":138,"column":7},"end":{"line":138,"column":64}},"type":"binary-expr","locations":[{"start":{"line":138,"column":7},"end":{"line":138,"column":14}},{"start":{"line":138,"column":18},"end":{"line":138,"column":64}}],"line":138},"4":{"loc":{"start":{"line":139,"column":7},"end":{"line":139,"column":102}},"type":"binary-expr","locations":[{"start":{"line":139,"column":7},"end":{"line":139,"column":19}},{"start":{"line":139,"column":23},"end":{"line":139,"column":102}}],"line":139},"5":{"loc":{"start":{"line":165,"column":26},"end":{"line":165,"column":75}},"type":"cond-expr","locations":[{"start":{"line":165,"column":41},"end":{"line":165,"column":70}},{"start":{"line":165,"column":73},"end":{"line":165,"column":75}}],"line":165},"6":{"loc":{"start":{"line":167,"column":2},"end":{"line":169,"column":3}},"type":"if","locations":[{"start":{"line":167,"column":2},"end":{"line":169,"column":3}},{"start":{"line":167,"column":2},"end":{"line":169,"column":3}}],"line":167}},"s":{"0":5,"1":5,"2":5,"3":13,"4":13,"5":13,"6":38,"7":38,"8":12,"9":12,"10":20,"11":20,"12":12,"13":5,"14":25,"15":25,"16":25,"17":25,"18":12,"19":13,"20":13,"21":5,"22":5,"23":5,"24":5},"f":{"0":13,"1":38,"2":12,"3":20,"4":25},"b":{"0":[38,12],"1":[38,12],"2":[12,6],"3":[12,6],"4":[12,6],"5":[2,23],"6":[12,13]},"_coverageSchema":"332fd63041d2c1bcb487cc26dd0d5f7d97098a6c","hash":"b0fa2c50d9996576a57ea8f450983b5f8770dbdc"}
,"/Users/er047227/terra-clinical/packages/terra-clinical-item-collection/src/ItemCollection.jsx": {"path":"/Users/er047227/terra-clinical/packages/terra-clinical-item-collection/src/ItemCollection.jsx","statementMap":{"0":{"start":{"line":11,"column":20},"end":{"line":11,"column":21}},"1":{"start":{"line":13,"column":18},"end":{"line":55,"column":1}},"2":{"start":{"line":57,"column":21},"end":{"line":67,"column":1}},"3":{"start":{"line":69,"column":23},"end":{"line":124,"column":1}},"4":{"start":{"line":82,"column":6},"end":{"line":82,"column":11}},"5":{"start":{"line":84,"column":27},"end":{"line":84,"column":92}},"6":{"start":{"line":85,"column":27},"end":{"line":90,"column":3}},"7":{"start":{"line":93,"column":4},"end":{"line":99,"column":15}},"8":{"start":{"line":103,"column":4},"end":{"line":110,"column":16}},"9":{"start":{"line":113,"column":28},"end":{"line":113,"column":30}},"10":{"start":{"line":114,"column":2},"end":{"line":114,"column":47}},"11":{"start":{"line":116,"column":2},"end":{"line":123,"column":4}},"12":{"start":{"line":126,"column":0},"end":{"line":126,"column":37}},"13":{"start":{"line":127,"column":0},"end":{"line":127,"column":43}},"14":{"start":{"line":130,"column":0},"end":{"line":130,"column":27}},"15":{"start":{"line":131,"column":0},"end":{"line":131,"column":38}},"16":{"start":{"line":132,"column":0},"end":{"line":132,"column":38}}},"fnMap":{"0":{"name":"(anonymous_0)","decl":{"start":{"line":69,"column":23},"end":{"line":69,"column":24}},"loc":{"start":{"line":69,"column":34},"end":{"line":124,"column":1}},"line":69}},"branchMap":{"0":{"loc":{"start":{"line":84,"column":27},"end":{"line":84,"column":92}},"type":"cond-expr","locations":[{"start":{"line":84,"column":62},"end":{"line":84,"column":78}},{"start":{"line":84,"column":81},"end":{"line":84,"column":92}}],"line":84}},"s":{"0":4,"1":4,"2":4,"3":4,"4":11,"5":11,"6":11,"7":11,"8":11,"9":11,"10":11,"11":11,"12":4,"13":4,"14":4,"15":4,"16":4},"f":{"0":11},"b":{"0":[10,1]},"_coverageSchema":"332fd63041d2c1bcb487cc26dd0d5f7d97098a6c","hash":"3f9895a40bcbe291802fc57dcfb4e432113dcde3"}
,"/Users/er047227/terra-clinical/packages/terra-clinical-item-collection/src/_ItemCollectionUtils.jsx": {"path":"/Users/er047227/terra-clinical/packages/terra-clinical-item-collection/src/_ItemCollectionUtils.jsx","statementMap":{"0":{"start":{"line":1,"column":17},"end":{"line":4,"column":1}},"1":{"start":{"line":16,"column":6},"end":{"line":16,"column":22}},"2":{"start":{"line":19,"column":6},"end":{"line":19,"column":16}},"3":{"start":{"line":20,"column":25},"end":{"line":22,"column":3}},"4":{"start":{"line":24,"column":2},"end":{"line":24,"column":76}},"5":{"start":{"line":25,"column":2},"end":{"line":25,"column":64}},"6":{"start":{"line":27,"column":23},"end":{"line":27,"column":25}},"7":{"start":{"line":28,"column":2},"end":{"line":31,"column":3}},"8":{"start":{"line":30,"column":4},"end":{"line":30,"column":86}},"9":{"start":{"line":32,"column":2},"end":{"line":32,"column":43}},"10":{"start":{"line":34,"column":2},"end":{"line":34,"column":55}},"11":{"start":{"line":35,"column":2},"end":{"line":35,"column":70}},"12":{"start":{"line":37,"column":2},"end":{"line":37,"column":24}},"13":{"start":{"line":50,"column":6},"end":{"line":50,"column":22}},"14":{"start":{"line":53,"column":6},"end":{"line":53,"column":16}},"15":{"start":{"line":54,"column":25},"end":{"line":56,"column":3}},"16":{"start":{"line":58,"column":2},"end":{"line":60,"column":3}},"17":{"start":{"line":59,"column":4},"end":{"line":59,"column":58}},"18":{"start":{"line":62,"column":23},"end":{"line":62,"column":25}},"19":{"start":{"line":63,"column":2},"end":{"line":71,"column":3}},"20":{"start":{"line":64,"column":4},"end":{"line":67,"column":5}},"21":{"start":{"line":66,"column":6},"end":{"line":66,"column":90}},"22":{"start":{"line":68,"column":4},"end":{"line":70,"column":5}},"23":{"start":{"line":69,"column":6},"end":{"line":69,"column":31}},"24":{"start":{"line":72,"column":2},"end":{"line":72,"column":43}},"25":{"start":{"line":74,"column":2},"end":{"line":76,"column":3}},"26":{"start":{"line":75,"column":4},"end":{"line":75,"column":44}},"27":{"start":{"line":78,"column":2},"end":{"line":80,"column":3}},"28":{"start":{"line":79,"column":4},"end":{"line":79,"column":54}},"29":{"start":{"line":82,"column":2},"end":{"line":82,"column":24}},"30":{"start":{"line":93,"column":26},"end":{"line":93,"column":28}},"31":{"start":{"line":95,"column":2},"end":{"line":99,"column":3}},"32":{"start":{"line":97,"column":4},"end":{"line":97,"column":75}},"33":{"start":{"line":101,"column":2},"end":{"line":103,"column":4}},"34":{"start":{"line":102,"column":4},"end":{"line":102,"column":25}},"35":{"start":{"line":105,"column":2},"end":{"line":109,"column":4}},"36":{"start":{"line":106,"column":4},"end":{"line":108,"column":5}},"37":{"start":{"line":107,"column":6},"end":{"line":107,"column":27}},"38":{"start":{"line":111,"column":2},"end":{"line":111,"column":25}},"39":{"start":{"line":114,"column":28},"end":{"line":118,"column":1}}},"fnMap":{"0":{"name":"addMissingListElements","decl":{"start":{"line":13,"column":9},"end":{"line":13,"column":31}},"loc":{"start":{"line":13,"column":62},"end":{"line":38,"column":1}},"line":13},"1":{"name":"addMissingTableElements","decl":{"start":{"line":47,"column":9},"end":{"line":47,"column":32}},"loc":{"start":{"line":47,"column":63},"end":{"line":83,"column":1}},"line":47},"2":{"name":"createOnSelectProps","decl":{"start":{"line":92,"column":9},"end":{"line":92,"column":28}},"loc":{"start":{"line":92,"column":44},"end":{"line":112,"column":1}},"line":92},"3":{"name":"(anonymous_3)","decl":{"start":{"line":101,"column":28},"end":{"line":101,"column":29}},"loc":{"start":{"line":101,"column":39},"end":{"line":103,"column":3}},"line":101},"4":{"name":"(anonymous_4)","decl":{"start":{"line":105,"column":30},"end":{"line":105,"column":31}},"loc":{"start":{"line":105,"column":41},"end":{"line":109,"column":3}},"line":105}},"branchMap":{"0":{"loc":{"start":{"line":24,"column":34},"end":{"line":24,"column":75}},"type":"cond-expr","locations":[{"start":{"line":24,"column":54},"end":{"line":24,"column":68}},{"start":{"line":24,"column":71},"end":{"line":24,"column":75}}],"line":24},"1":{"loc":{"start":{"line":28,"column":2},"end":{"line":31,"column":3}},"type":"if","locations":[{"start":{"line":28,"column":2},"end":{"line":31,"column":3}},{"start":{"line":28,"column":2},"end":{"line":31,"column":3}}],"line":28},"2":{"loc":{"start":{"line":28,"column":6},"end":{"line":28,"column":38}},"type":"binary-expr","locations":[{"start":{"line":28,"column":6},"end":{"line":28,"column":26}},{"start":{"line":28,"column":30},"end":{"line":28,"column":38}}],"line":28},"3":{"loc":{"start":{"line":30,"column":21},"end":{"line":30,"column":85}},"type":"cond-expr","locations":[{"start":{"line":30,"column":39},"end":{"line":30,"column":74}},{"start":{"line":30,"column":77},"end":{"line":30,"column":85}}],"line":30},"4":{"loc":{"start":{"line":34,"column":27},"end":{"line":34,"column":54}},"type":"cond-expr","locations":[{"start":{"line":34,"column":40},"end":{"line":34,"column":47}},{"start":{"line":34,"column":50},"end":{"line":34,"column":54}}],"line":34},"5":{"loc":{"start":{"line":35,"column":32},"end":{"line":35,"column":69}},"type":"cond-expr","locations":[{"start":{"line":35,"column":50},"end":{"line":35,"column":62}},{"start":{"line":35,"column":65},"end":{"line":35,"column":69}}],"line":35},"6":{"loc":{"start":{"line":58,"column":2},"end":{"line":60,"column":3}},"type":"if","locations":[{"start":{"line":58,"column":2},"end":{"line":60,"column":3}},{"start":{"line":58,"column":2},"end":{"line":60,"column":3}}],"line":58},"7":{"loc":{"start":{"line":59,"column":36},"end":{"line":59,"column":57}},"type":"binary-expr","locations":[{"start":{"line":59,"column":36},"end":{"line":59,"column":50}},{"start":{"line":59,"column":54},"end":{"line":59,"column":57}}],"line":59},"8":{"loc":{"start":{"line":63,"column":2},"end":{"line":71,"column":3}},"type":"if","locations":[{"start":{"line":63,"column":2},"end":{"line":71,"column":3}},{"start":{"line":63,"column":2},"end":{"line":71,"column":3}}],"line":63},"9":{"loc":{"start":{"line":64,"column":4},"end":{"line":67,"column":5}},"type":"if","locations":[{"start":{"line":64,"column":4},"end":{"line":67,"column":5}},{"start":{"line":64,"column":4},"end":{"line":67,"column":5}}],"line":64},"10":{"loc":{"start":{"line":66,"column":23},"end":{"line":66,"column":89}},"type":"cond-expr","locations":[{"start":{"line":66,"column":41},"end":{"line":66,"column":76}},{"start":{"line":66,"column":79},"end":{"line":66,"column":89}}],"line":66},"11":{"loc":{"start":{"line":74,"column":2},"end":{"line":76,"column":3}},"type":"if","locations":[{"start":{"line":74,"column":2},"end":{"line":76,"column":3}},{"start":{"line":74,"column":2},"end":{"line":76,"column":3}}],"line":74},"12":{"loc":{"start":{"line":75,"column":29},"end":{"line":75,"column":43}},"type":"binary-expr","locations":[{"start":{"line":75,"column":29},"end":{"line":75,"column":36}},{"start":{"line":75,"column":40},"end":{"line":75,"column":43}}],"line":75},"13":{"loc":{"start":{"line":78,"column":2},"end":{"line":80,"column":3}},"type":"if","locations":[{"start":{"line":78,"column":2},"end":{"line":80,"column":3}},{"start":{"line":78,"column":2},"end":{"line":80,"column":3}}],"line":78},"14":{"loc":{"start":{"line":79,"column":34},"end":{"line":79,"column":53}},"type":"binary-expr","locations":[{"start":{"line":79,"column":34},"end":{"line":79,"column":46}},{"start":{"line":79,"column":50},"end":{"line":79,"column":53}}],"line":79},"15":{"loc":{"start":{"line":95,"column":2},"end":{"line":99,"column":3}},"type":"if","locations":[{"start":{"line":95,"column":2},"end":{"line":99,"column":3}},{"start":{"line":95,"column":2},"end":{"line":99,"column":3}}],"line":95},"16":{"loc":{"start":{"line":95,"column":6},"end":{"line":95,"column":51}},"type":"binary-expr","locations":[{"start":{"line":95,"column":6},"end":{"line":95,"column":10}},{"start":{"line":95,"column":14},"end":{"line":95,"column":51}}],"line":95},"17":{"loc":{"start":{"line":106,"column":4},"end":{"line":108,"column":5}},"type":"if","locations":[{"start":{"line":106,"column":4},"end":{"line":108,"column":5}},{"start":{"line":106,"column":4},"end":{"line":108,"column":5}}],"line":106},"18":{"loc":{"start":{"line":106,"column":8},"end":{"line":106,"column":100}},"type":"binary-expr","locations":[{"start":{"line":106,"column":8},"end":{"line":106,"column":52}},{"start":{"line":106,"column":56},"end":{"line":106,"column":100}}],"line":106}},"s":{"0":4,"1":9,"2":9,"3":9,"4":9,"5":9,"6":9,"7":9,"8":5,"9":9,"10":9,"11":9,"12":9,"13":11,"14":11,"15":11,"16":11,"17":5,"18":11,"19":11,"20":5,"21":4,"22":5,"23":17,"24":11,"25":11,"26":5,"27":11,"28":5,"29":11,"30":0,"31":0,"32":0,"33":0,"34":0,"35":0,"36":0,"37":0,"38":0,"39":4},"f":{"0":9,"1":11,"2":0,"3":0,"4":0},"b":{"0":[5,4],"1":[5,4],"2":[9,5],"3":[3,2],"4":[4,5],"5":[4,5],"6":[5,6],"7":[5,1],"8":[5,6],"9":[4,1],"10":[2,2],"11":[5,6],"12":[5,1],"13":[5,6],"14":[5,1],"15":[0,0],"16":[0,0],"17":[0,0],"18":[0,0]},"_coverageSchema":"332fd63041d2c1bcb487cc26dd0d5f7d97098a6c","hash":"ee2b1d38939595573f0a34f71266145c2599889a"}
,"/Users/er047227/terra-clinical/packages/terra-clinical-item-collection/src/_ListView.jsx": {"path":"/Users/er047227/terra-clinical/packages/terra-clinical-item-collection/src/_ListView.jsx","statementMap":{"0":{"start":{"line":6,"column":18},"end":{"line":29,"column":1}},"1":{"start":{"line":32,"column":2},"end":{"line":36,"column":5}},"2":{"start":{"line":33,"column":27},"end":{"line":33,"column":86}},"3":{"start":{"line":34,"column":26},"end":{"line":34,"column":116}},"4":{"start":{"line":35,"column":4},"end":{"line":35,"column":92}},"5":{"start":{"line":39,"column":17},"end":{"line":49,"column":1}},"6":{"start":{"line":42,"column":20},"end":{"line":42,"column":73}},"7":{"start":{"line":44,"column":2},"end":{"line":48,"column":4}},"8":{"start":{"line":51,"column":0},"end":{"line":51,"column":31}}},"fnMap":{"0":{"name":"createListItems","decl":{"start":{"line":31,"column":9},"end":{"line":31,"column":24}},"loc":{"start":{"line":31,"column":63},"end":{"line":37,"column":1}},"line":31},"1":{"name":"(anonymous_1)","decl":{"start":{"line":32,"column":38},"end":{"line":32,"column":39}},"loc":{"start":{"line":32,"column":49},"end":{"line":36,"column":3}},"line":32},"2":{"name":"(anonymous_2)","decl":{"start":{"line":39,"column":17},"end":{"line":39,"column":18}},"loc":{"start":{"line":41,"column":6},"end":{"line":49,"column":1}},"line":41}},"branchMap":{"0":{"loc":{"start":{"line":34,"column":26},"end":{"line":34,"column":116}},"type":"cond-expr","locations":[{"start":{"line":34,"column":65},"end":{"line":34,"column":111}},{"start":{"line":34,"column":114},"end":{"line":34,"column":116}}],"line":34},"1":{"loc":{"start":{"line":34,"column":26},"end":{"line":34,"column":62}},"type":"binary-expr","locations":[{"start":{"line":34,"column":26},"end":{"line":34,"column":34}},{"start":{"line":34,"column":38},"end":{"line":34,"column":62}}],"line":34}},"s":{"0":4,"1":3,"2":2,"3":2,"4":2,"5":4,"6":3,"7":3,"8":4},"f":{"0":3,"1":2,"2":3},"b":{"0":[0,2],"1":[2,0]},"_coverageSchema":"332fd63041d2c1bcb487cc26dd0d5f7d97098a6c","hash":"c11f1754f9a072b561e8730e02f830a38f646217"}
,"/Users/er047227/terra-clinical/packages/terra-clinical-item-collection/src/_TableView.jsx": {"path":"/Users/er047227/terra-clinical/packages/terra-clinical-item-collection/src/_TableView.jsx","statementMap":{"0":{"start":{"line":7,"column":18},"end":{"line":34,"column":1}},"1":{"start":{"line":39,"column":6},"end":{"line":39,"column":22}},"2":{"start":{"line":41,"column":19},"end":{"line":41,"column":21}},"3":{"start":{"line":42,"column":2},"end":{"line":46,"column":3}},"4":{"start":{"line":43,"column":4},"end":{"line":45,"column":5}},"5":{"start":{"line":44,"column":6},"end":{"line":44,"column":88}},"6":{"start":{"line":48,"column":2},"end":{"line":55,"column":4}},"7":{"start":{"line":59,"column":2},"end":{"line":63,"column":5}},"8":{"start":{"line":60,"column":27},"end":{"line":60,"column":87}},"9":{"start":{"line":61,"column":26},"end":{"line":61,"column":116}},"10":{"start":{"line":62,"column":4},"end":{"line":62,"column":93}},"11":{"start":{"line":66,"column":18},"end":{"line":85,"column":1}},"12":{"start":{"line":69,"column":22},"end":{"line":69,"column":57}},"13":{"start":{"line":70,"column":20},"end":{"line":70,"column":73}},"14":{"start":{"line":72,"column":2},"end":{"line":84,"column":4}},"15":{"start":{"line":87,"column":0},"end":{"line":87,"column":32}}},"fnMap":{"0":{"name":"createTableLayout","decl":{"start":{"line":36,"column":9},"end":{"line":36,"column":26}},"loc":{"start":{"line":36,"column":45},"end":{"line":56,"column":1}},"line":36},"1":{"name":"createTableRows","decl":{"start":{"line":58,"column":9},"end":{"line":58,"column":24}},"loc":{"start":{"line":58,"column":63},"end":{"line":64,"column":1}},"line":58},"2":{"name":"(anonymous_2)","decl":{"start":{"line":59,"column":38},"end":{"line":59,"column":39}},"loc":{"start":{"line":59,"column":49},"end":{"line":63,"column":3}},"line":59},"3":{"name":"(anonymous_3)","decl":{"start":{"line":66,"column":18},"end":{"line":66,"column":19}},"loc":{"start":{"line":68,"column":6},"end":{"line":85,"column":1}},"line":68}},"branchMap":{"0":{"loc":{"start":{"line":42,"column":2},"end":{"line":46,"column":3}},"type":"if","locations":[{"start":{"line":42,"column":2},"end":{"line":46,"column":3}},{"start":{"line":42,"column":2},"end":{"line":46,"column":3}}],"line":42},"1":{"loc":{"start":{"line":50,"column":7},"end":{"line":50,"column":80}},"type":"binary-expr","locations":[{"start":{"line":50,"column":7},"end":{"line":50,"column":24}},{"start":{"line":50,"column":28},"end":{"line":50,"column":80}}],"line":50},"2":{"loc":{"start":{"line":52,"column":7},"end":{"line":52,"column":79}},"type":"binary-expr","locations":[{"start":{"line":52,"column":7},"end":{"line":52,"column":17}},{"start":{"line":52,"column":21},"end":{"line":52,"column":79}}],"line":52},"3":{"loc":{"start":{"line":53,"column":7},"end":{"line":53,"column":90}},"type":"binary-expr","locations":[{"start":{"line":53,"column":7},"end":{"line":53,"column":22}},{"start":{"line":53,"column":26},"end":{"line":53,"column":90}}],"line":53},"4":{"loc":{"start":{"line":61,"column":26},"end":{"line":61,"column":116}},"type":"cond-expr","locations":[{"start":{"line":61,"column":65},"end":{"line":61,"column":111}},{"start":{"line":61,"column":114},"end":{"line":61,"column":116}}],"line":61},"5":{"loc":{"start":{"line":61,"column":26},"end":{"line":61,"column":62}},"type":"binary-expr","locations":[{"start":{"line":61,"column":26},"end":{"line":61,"column":34}},{"start":{"line":61,"column":38},"end":{"line":61,"column":62}}],"line":61}},"s":{"0":4,"1":3,"2":3,"3":3,"4":3,"5":24,"6":3,"7":3,"8":2,"9":2,"10":2,"11":4,"12":3,"13":3,"14":3,"15":4},"f":{"0":3,"1":3,"2":2,"3":3},"b":{"0":[3,0],"1":[3,3],"2":[3,3],"3":[3,3],"4":[0,2],"5":[2,0]},"_coverageSchema":"332fd63041d2c1bcb487cc26dd0d5f7d97098a6c","hash":"11a2e52479c241777e82f43b47c3a4624e477583"}
,"/Users/er047227/terra-clinical/packages/terra-clinical-item-display/src/ItemComment.jsx": {"path":"/Users/er047227/terra-clinical/packages/terra-clinical-item-display/src/ItemComment.jsx","statementMap":{"0":{"start":{"line":9,"column":11},"end":{"line":9,"column":34}},"1":{"start":{"line":11,"column":18},"end":{"line":20,"column":1}},"2":{"start":{"line":22,"column":21},"end":{"line":25,"column":1}},"3":{"start":{"line":27,"column":20},"end":{"line":39,"column":1}},"4":{"start":{"line":32,"column":2},"end":{"line":38,"column":4}},"5":{"start":{"line":41,"column":0},"end":{"line":41,"column":34}},"6":{"start":{"line":42,"column":0},"end":{"line":42,"column":40}}},"fnMap":{"0":{"name":"(anonymous_0)","decl":{"start":{"line":27,"column":20},"end":{"line":27,"column":21}},"loc":{"start":{"line":32,"column":2},"end":{"line":38,"column":4}},"line":32}},"branchMap":{},"s":{"0":2,"1":2,"2":2,"3":2,"4":6,"5":2,"6":2},"f":{"0":6},"b":{},"_coverageSchema":"332fd63041d2c1bcb487cc26dd0d5f7d97098a6c","hash":"f99cb1b640fb94448b33903a48f74e6965487a11"}
,"/Users/er047227/terra-clinical/packages/terra-clinical-item-display/src/ItemDisplay.jsx": {"path":"/Users/er047227/terra-clinical/packages/terra-clinical-item-display/src/ItemDisplay.jsx","statementMap":{"0":{"start":{"line":8,"column":11},"end":{"line":8,"column":34}},"1":{"start":{"line":10,"column":19},"end":{"line":15,"column":1}},"2":{"start":{"line":17,"column":18},"end":{"line":38,"column":1}},"3":{"start":{"line":40,"column":21},"end":{"line":46,"column":1}},"4":{"start":{"line":48,"column":20},"end":{"line":78,"column":1}},"5":{"start":{"line":56,"column":30},"end":{"line":60,"column":4}},"6":{"start":{"line":61,"column":25},"end":{"line":65,"column":4}},"7":{"start":{"line":68,"column":2},"end":{"line":70,"column":3}},"8":{"start":{"line":69,"column":4},"end":{"line":69,"column":66}},"9":{"start":{"line":72,"column":2},"end":{"line":77,"column":4}},"10":{"start":{"line":80,"column":0},"end":{"line":80,"column":34}},"11":{"start":{"line":81,"column":0},"end":{"line":81,"column":40}},"12":{"start":{"line":82,"column":0},"end":{"line":82,"column":34}}},"fnMap":{"0":{"name":"(anonymous_0)","decl":{"start":{"line":48,"column":20},"end":{"line":48,"column":21}},"loc":{"start":{"line":55,"column":6},"end":{"line":78,"column":1}},"line":55}},"branchMap":{"0":{"loc":{"start":{"line":68,"column":2},"end":{"line":70,"column":3}},"type":"if","locations":[{"start":{"line":68,"column":2},"end":{"line":70,"column":3}},{"start":{"line":68,"column":2},"end":{"line":70,"column":3}}],"line":68}},"s":{"0":2,"1":2,"2":2,"3":2,"4":2,"5":11,"6":11,"7":11,"8":3,"9":11,"10":2,"11":2,"12":2},"f":{"0":11},"b":{"0":[3,8]},"_coverageSchema":"332fd63041d2c1bcb487cc26dd0d5f7d97098a6c","hash":"249b8cd861fb7490f6497da8af57e3c362e683af"}
,"/Users/er047227/terra-clinical/packages/terra-clinical-item-view/src/ItemView.jsx": {"path":"/Users/er047227/terra-clinical/packages/terra-clinical-item-view/src/ItemView.jsx","statementMap":{"0":{"start":{"line":1,"column":0},"end":{"line":null,"column":-1}},"1":{"start":{"line":2,"column":0},"end":{"line":null,"column":-1}},"2":{"start":{"line":3,"column":0},"end":{"line":null,"column":-1}},"3":{"start":{"line":4,"column":0},"end":{"line":null,"column":-1}},"4":{"start":{"line":5,"column":0},"end":{"line":null,"column":-1}},"5":{"start":{"line":6,"column":0},"end":{"line":null,"column":-1}},"6":{"start":{"line":8,"column":11},"end":{"line":8,"column":0}},"7":{"start":{"line":10,"column":18},"end":{"line":10,"column":0}},"8":{"start":{"line":53,"column":21},"end":{"line":53,"column":0}},"9":{"start":{"line":65,"column":24},"end":{"line":65,"column":0}},"10":{"start":{"line":66,"column":6},"end":{"line":66,"column":2}},"11":{"start":{"line":67,"column":2},"end":{"line":80,"column":3}},"12":{"start":{"line":68,"column":32},"end":{"line":68,"column":4}},"13":{"start":{"line":75,"column":4},"end":{"line":null,"column":-1}},"14":{"start":{"line":81,"column":2},"end":{"line":null,"column":-1}},"15":{"start":{"line":84,"column":49},"end":{"line":84,"column":0}},"16":{"start":{"line":85,"column":20},"end":{"line":85,"column":2}},"17":{"start":{"line":86,"column":21},"end":{"line":86,"column":2}},"18":{"start":{"line":88,"column":2},"end":{"line":90,"column":3}},"19":{"start":{"line":89,"column":4},"end":{"line":null,"column":-1}},"20":{"start":{"line":92,"column":2},"end":{"line":96,"column":3}},"21":{"start":{"line":93,"column":4},"end":{"line":null,"column":-1}},"22":{"start":{"line":94,"column":9},"end":{"line":96,"column":3}},"23":{"start":{"line":95,"column":4},"end":{"line":null,"column":-1}},"24":{"start":{"line":98,"column":2},"end":{"line":null,"column":-1}},"25":{"start":{"line":101,"column":47},"end":{"line":101,"column":0}},"26":{"start":{"line":102,"column":2},"end":{"line":104,"column":3}},"27":{"start":{"line":103,"column":4},"end":{"line":null,"column":-1}},"28":{"start":{"line":106,"column":2},"end":{"line":null,"column":-1}},"29":{"start":{"line":109,"column":26},"end":{"line":109,"column":0}},"30":{"start":{"line":110,"column":6},"end":{"line":110,"column":2}},"31":{"start":{"line":111,"column":2},"end":{"line":115,"column":3}},"32":{"start":{"line":112,"column":4},"end":{"line":null,"column":-1}},"33":{"start":{"line":114,"column":4},"end":{"line":null,"column":-1}},"34":{"start":{"line":116,"column":2},"end":{"line":null,"column":-1}},"35":{"start":{"line":119,"column":18},"end":{"line":119,"column":0}},"36":{"start":{"line":120,"column":17},"end":{"line":120,"column":2}},"37":{"start":{"line":121,"column":2},"end":{"line":null,"column":-1}},"38":{"start":{"line":124,"column":27},"end":{"line":124,"column":8}},"39":{"start":{"line":125,"column":31},"end":{"line":125,"column":8}},"40":{"start":{"line":126,"column":8},"end":{"line":null,"column":-1}},"41":{"start":{"line":136,"column":19},"end":{"line":136,"column":0}},"42":{"start":{"line":137,"column":2},"end":{"line":139,"column":3}},"43":{"start":{"line":138,"column":4},"end":{"line":null,"column":-1}},"44":{"start":{"line":141,"column":24},"end":{"line":141,"column":2}},"45":{"start":{"line":142,"column":24},"end":{"line":142,"column":2}},"46":{"start":{"line":143,"column":22},"end":{"line":143,"column":2}},"47":{"start":{"line":145,"column":2},"end":{"line":147,"column":3}},"48":{"start":{"line":146,"column":4},"end":{"line":null,"column":-1}},"49":{"start":{"line":149,"column":2},"end":{"line":null,"column":-1}},"50":{"start":{"line":152,"column":20},"end":{"line":152,"column":8}},"51":{"start":{"line":153,"column":8},"end":{"line":null,"column":-1}},"52":{"start":{"line":159,"column":17},"end":{"line":159,"column":0}},"53":{"start":{"line":171,"column":6},"end":{"line":171,"column":5}},"54":{"start":{"line":171,"column":6},"end":{"line":null,"column":-1}},"55":{"start":{"line":172,"column":25},"end":{"line":172,"column":2}},"56":{"start":{"line":180,"column":2},"end":{"line":null,"column":-1}},"57":{"start":{"line":192,"column":0},"end":{"line":null,"column":-1}},"58":{"start":{"line":193,"column":0},"end":{"line":null,"column":-1}},"59":{"start":{"line":194,"column":0},"end":{"line":null,"column":-1}},"60":{"start":{"line":195,"column":0},"end":{"line":null,"column":-1}}},"fnMap":{"0":{"name":"renderAccessory","decl":{"start":{"line":65,"column":6},"end":{"line":65,"column":24}},"loc":{"start":{"line":65,"column":79},"end":{"line":65,"column":0}}},"1":{"name":"defaultEmphasisContentClassesFromIndexes","decl":{"start":{"line":84,"column":6},"end":{"line":84,"column":49}},"loc":{"start":{"line":84,"column":73},"end":{"line":84,"column":0}}},"2":{"name":"startEmphasisContentClassesFromIndexes","decl":{"start":{"line":101,"column":6},"end":{"line":101,"column":47}},"loc":{"start":{"line":101,"column":85},"end":{"line":101,"column":0}}},"3":{"name":"classesForContent","decl":{"start":{"line":109,"column":6},"end":{"line":109,"column":26}},"loc":{"start":{"line":109,"column":74},"end":{"line":109,"column":0}}},"4":{"name":"renderRow","decl":{"start":{"line":119,"column":6},"end":{"line":119,"column":18}},"loc":{"start":{"line":119,"column":57},"end":{"line":119,"column":0}}},"5":{"name":"(anonymous_8)","decl":{"start":{"line":123,"column":15},"end":{"line":123,"column":15}},"loc":{"start":{"line":123,"column":42},"end":{"line":123,"column":7}}},"6":{"name":"renderRows","decl":{"start":{"line":136,"column":6},"end":{"line":136,"column":19}},"loc":{"start":{"line":136,"column":51},"end":{"line":136,"column":0}}},"7":{"name":"(anonymous_10)","decl":{"start":{"line":151,"column":25},"end":{"line":151,"column":25}},"loc":{"start":{"line":151,"column":43},"end":{"line":151,"column":7}}},"8":{"name":"ItemView","decl":{"start":{"line":159,"column":6},"end":{"line":159,"column":17}},"loc":{"start":{"line":171,"column":6},"end":{"line":159,"column":0}}}},"branchMap":{"0":{"loc":{"start":{"line":67,"column":2},"end":{"line":80,"column":3}},"type":"if","locations":[{"start":{"line":67,"column":2},"end":{"line":80,"column":3}},{"start":{"line":67,"column":2},"end":{"line":80,"column":3}}]},"1":{"loc":{"start":{"line":67,"column":6},"end":{"line":67,"column":18}},"type":"binary-expr","locations":[{"start":{"line":67,"column":6},"end":{"line":67,"column":18}},{"start":{"line":67,"column":19},"end":{"line":67,"column":2}}]},"2":{"loc":{"start":{"line":88,"column":2},"end":{"line":90,"column":3}},"type":"if","locations":[{"start":{"line":88,"column":2},"end":{"line":90,"column":3}},{"start":{"line":88,"column":2},"end":{"line":90,"column":3}}]},"3":{"loc":{"start":{"line":92,"column":2},"end":{"line":96,"column":3}},"type":"if","locations":[{"start":{"line":92,"column":2},"end":{"line":96,"column":3}},{"start":{"line":92,"column":2},"end":{"line":96,"column":3}}]},"4":{"loc":{"start":{"line":92,"column":6},"end":{"line":92,"column":5}},"type":"binary-expr","locations":[{"start":{"line":92,"column":6},"end":{"line":92,"column":5}},{"start":{"line":92,"column":24},"end":{"line":92,"column":2}}]},"5":{"loc":{"start":{"line":94,"column":9},"end":{"line":96,"column":3}},"type":"if","locations":[{"start":{"line":94,"column":9},"end":{"line":96,"column":3}},{"start":{"line":94,"column":9},"end":{"line":96,"column":3}}]},"6":{"loc":{"start":{"line":102,"column":2},"end":{"line":104,"column":3}},"type":"if","locations":[{"start":{"line":102,"column":2},"end":{"line":104,"column":3}},{"start":{"line":102,"column":2},"end":{"line":104,"column":3}}]},"7":{"loc":{"start":{"line":111,"column":2},"end":{"line":115,"column":3}},"type":"if","locations":[{"start":{"line":111,"column":2},"end":{"line":115,"column":3}},{"start":{"line":111,"column":2},"end":{"line":115,"column":3}}]},"8":{"loc":{"start":{"line":137,"column":2},"end":{"line":139,"column":3}},"type":"if","locations":[{"start":{"line":137,"column":2},"end":{"line":139,"column":3}},{"start":{"line":137,"column":2},"end":{"line":139,"column":3}}]},"9":{"loc":{"start":{"line":137,"column":6},"end":{"line":137,"column":5}},"type":"binary-expr","locations":[{"start":{"line":137,"column":6},"end":{"line":137,"column":5}},{"start":{"line":137,"column":27},"end":{"line":137,"column":6}},{"start":{"line":137,"column":53},"end":{"line":137,"column":2}}]},"10":{"loc":{"start":{"line":143,"column":48},"end":{"line":143,"column":22}},"type":"cond-expr","locations":[{"start":{"line":143,"column":48},"end":{"line":143,"column":22}},{"start":{"line":143,"column":52},"end":{"line":143,"column":2}}]}},"s":{"0":0,"1":0,"2":0,"3":0,"4":0,"5":0,"6":0,"7":0,"8":0,"9":0,"10":0,"11":0,"12":0,"13":0,"14":0,"15":0,"16":0,"17":0,"18":0,"19":0,"20":0,"21":0,"22":0,"23":0,"24":0,"25":0,"26":0,"27":0,"28":0,"29":0,"30":0,"31":0,"32":0,"33":0,"34":0,"35":0,"36":0,"37":0,"38":0,"39":0,"40":0,"41":0,"42":0,"43":0,"44":0,"45":0,"46":0,"47":0,"48":0,"49":0,"50":0,"51":0,"52":0,"53":0,"54":0,"55":0,"56":0,"57":0,"58":0,"59":0,"60":0},"f":{"0":0,"1":0,"2":0,"3":0,"4":0,"5":0,"6":0,"7":0,"8":0},"b":{"0":[0,0],"1":[0,0],"2":[0,0],"3":[0,0],"4":[0,0],"5":[0,0],"6":[0,0],"7":[0,0],"8":[0,0],"9":[0,0,0],"10":[0,0]}}
,"/Users/er047227/terra-clinical/packages/terra-clinical-label-value-view/src/LabelValueView.jsx": {"path":"/Users/er047227/terra-clinical/packages/terra-clinical-label-value-view/src/LabelValueView.jsx","statementMap":{"0":{"start":{"line":7,"column":11},"end":{"line":7,"column":34}},"1":{"start":{"line":9,"column":18},"end":{"line":22,"column":1}},"2":{"start":{"line":24,"column":21},"end":{"line":27,"column":1}},"3":{"start":{"line":29,"column":23},"end":{"line":46,"column":1}},"4":{"start":{"line":33,"column":2},"end":{"line":37,"column":3}},"5":{"start":{"line":34,"column":4},"end":{"line":34,"column":61}},"6":{"start":{"line":35,"column":9},"end":{"line":37,"column":3}},"7":{"start":{"line":36,"column":4},"end":{"line":36,"column":70}},"8":{"start":{"line":39,"column":2},"end":{"line":45,"column":4}},"9":{"start":{"line":48,"column":0},"end":{"line":48,"column":37}},"10":{"start":{"line":49,"column":0},"end":{"line":49,"column":43}}},"fnMap":{"0":{"name":"(anonymous_0)","decl":{"start":{"line":29,"column":23},"end":{"line":29,"column":24}},"loc":{"start":{"line":31,"column":6},"end":{"line":46,"column":1}},"line":31}},"branchMap":{"0":{"loc":{"start":{"line":33,"column":2},"end":{"line":37,"column":3}},"type":"if","locations":[{"start":{"line":33,"column":2},"end":{"line":37,"column":3}},{"start":{"line":33,"column":2},"end":{"line":37,"column":3}}],"line":33},"1":{"loc":{"start":{"line":33,"column":6},"end":{"line":33,"column":29}},"type":"binary-expr","locations":[{"start":{"line":33,"column":6},"end":{"line":33,"column":16}},{"start":{"line":33,"column":20},"end":{"line":33,"column":29}}],"line":33},"2":{"loc":{"start":{"line":35,"column":9},"end":{"line":37,"column":3}},"type":"if","locations":[{"start":{"line":35,"column":9},"end":{"line":37,"column":3}},{"start":{"line":35,"column":9},"end":{"line":37,"column":3}}],"line":35}},"s":{"0":1,"1":1,"2":1,"3":1,"4":9,"5":5,"6":4,"7":3,"8":9,"9":1,"10":1},"f":{"0":9},"b":{"0":[5,4],"1":[9,6],"2":[3,1]},"_coverageSchema":"332fd63041d2c1bcb487cc26dd0d5f7d97098a6c","hash":"37d5a6470329b14df9564a74ee5539616ba39f82"}
,"/Users/er047227/terra-clinical/packages/terra-clinical-onset-picker/src/OnsetPicker.jsx": {"path":"/Users/er047227/terra-clinical/packages/terra-clinical-onset-picker/src/OnsetPicker.jsx","statementMap":{"0":{"start":{"line":1,"column":0},"end":{"line":null,"column":-1}},"1":{"start":{"line":2,"column":0},"end":{"line":null,"column":-1}},"2":{"start":{"line":3,"column":0},"end":{"line":null,"column":-1}},"3":{"start":{"line":4,"column":0},"end":{"line":null,"column":-1}},"4":{"start":{"line":5,"column":0},"end":{"line":null,"column":-1}},"5":{"start":{"line":6,"column":0},"end":{"line":null,"column":-1}},"6":{"start":{"line":7,"column":0},"end":{"line":null,"column":-1}},"7":{"start":{"line":8,"column":0},"end":{"line":null,"column":-1}},"8":{"start":{"line":9,"column":0},"end":{"line":null,"column":-1}},"9":{"start":{"line":10,"column":0},"end":{"line":null,"column":-1}},"10":{"start":{"line":11,"column":0},"end":{"line":null,"column":-1}},"11":{"start":{"line":12,"column":0},"end":{"line":null,"column":-1}},"12":{"start":{"line":14,"column":11},"end":{"line":14,"column":0}},"13":{"start":{"line":16,"column":27},"end":{"line":16,"column":0}},"14":{"start":{"line":23,"column":18},"end":{"line":23,"column":0}},"15":{"start":{"line":105,"column":21},"end":{"line":105,"column":0}},"16":{"start":{"line":117,"column":21},"end":{"line":117,"column":0}},"17":{"start":{"line":120,"column":4},"end":{"line":122,"column":5}},"18":{"start":{"line":121,"column":6},"end":{"line":null,"column":-1}},"19":{"start":{"line":127,"column":21},"end":{"line":null,"column":-1}},"20":{"start":{"line":131,"column":4},"end":{"line":null,"column":-1}},"21":{"start":{"line":132,"column":4},"end":{"line":null,"column":-1}},"22":{"start":{"line":133,"column":4},"end":{"line":null,"column":-1}},"23":{"start":{"line":134,"column":4},"end":{"line":null,"column":-1}},"24":{"start":{"line":135,"column":4},"end":{"line":null,"column":-1}},"25":{"start":{"line":136,"column":4},"end":{"line":null,"column":-1}},"26":{"start":{"line":137,"column":4},"end":{"line":null,"column":-1}},"27":{"start":{"line":138,"column":4},"end":{"line":null,"column":-1}},"28":{"start":{"line":140,"column":22},"end":{"line":140,"column":4}},"29":{"start":{"line":142,"column":4},"end":{"line":null,"column":-1}},"30":{"start":{"line":155,"column":4},"end":{"line":166,"column":5}},"31":{"start":{"line":156,"column":24},"end":{"line":156,"column":6}},"32":{"start":{"line":157,"column":22},"end":{"line":157,"column":6}},"33":{"start":{"line":159,"column":6},"end":{"line":null,"column":-1}},"34":{"start":{"line":165,"column":6},"end":{"line":null,"column":-1}},"35":{"start":{"line":167,"column":4},"end":{"line":null,"column":-1}},"36":{"start":{"line":169,"column":4},"end":{"line":171,"column":5}},"37":{"start":{"line":170,"column":6},"end":{"line":null,"column":-1}},"38":{"start":{"line":178,"column":4},"end":{"line":null,"column":-1}},"39":{"start":{"line":180,"column":4},"end":{"line":182,"column":5}},"40":{"start":{"line":181,"column":6},"end":{"line":null,"column":-1}},"41":{"start":{"line":189,"column":20},"end":{"line":189,"column":4}},"42":{"start":{"line":191,"column":4},"end":{"line":null,"column":-1}},"43":{"start":{"line":195,"column":4},"end":{"line":null,"column":-1}},"44":{"start":{"line":202,"column":20},"end":{"line":202,"column":4}},"45":{"start":{"line":204,"column":4},"end":{"line":null,"column":-1}},"46":{"start":{"line":208,"column":4},"end":{"line":null,"column":-1}},"47":{"start":{"line":215,"column":18},"end":{"line":215,"column":4}},"48":{"start":{"line":216,"column":22},"end":{"line":216,"column":4}},"49":{"start":{"line":219,"column":4},"end":{"line":221,"column":5}},"50":{"start":{"line":219,"column":25},"end":{"line":null,"column":-1}},"51":{"start":{"line":220,"column":6},"end":{"line":null,"column":-1}},"52":{"start":{"line":223,"column":4},"end":{"line":null,"column":-1}},"53":{"start":{"line":226,"column":4},"end":{"line":null,"column":-1}},"54":{"start":{"line":233,"column":20},"end":{"line":233,"column":4}},"55":{"start":{"line":235,"column":4},"end":{"line":null,"column":-1}},"56":{"start":{"line":236,"column":4},"end":{"line":null,"column":-1}},"57":{"start":{"line":243,"column":20},"end":{"line":243,"column":4}},"58":{"start":{"line":245,"column":4},"end":{"line":null,"column":-1}},"59":{"start":{"line":246,"column":4},"end":{"line":null,"column":-1}},"60":{"start":{"line":253,"column":4},"end":{"line":255,"column":5}},"61":{"start":{"line":254,"column":6},"end":{"line":null,"column":-1}},"62":{"start":{"line":272,"column":8},"end":{"line":258,"column":11}},"63":{"start":{"line":258,"column":11},"end":{"line":258,"column":10}},"64":{"start":{"line":258,"column":11},"end":{"line":null,"column":-1}},"65":{"start":{"line":274,"column":21},"end":{"line":258,"column":11}},"66":{"start":{"line":276,"column":28},"end":{"line":276,"column":4}},"67":{"start":{"line":277,"column":4},"end":{"line":289,"column":5}},"68":{"start":{"line":278,"column":6},"end":{"line":null,"column":-1}},"69":{"start":{"line":291,"column":20},"end":{"line":291,"column":4}},"70":{"start":{"line":292,"column":24},"end":{"line":292,"column":4}},"71":{"start":{"line":293,"column":4},"end":{"line":313,"column":5}},"72":{"start":{"line":294,"column":6},"end":{"line":null,"column":-1}},"73":{"start":{"line":305,"column":6},"end":{"line":null,"column":-1}},"74":{"start":{"line":315,"column":22},"end":{"line":315,"column":4}},"75":{"start":{"line":316,"column":4},"end":{"line":325,"column":5}},"76":{"start":{"line":317,"column":6},"end":{"line":null,"column":-1}},"77":{"start":{"line":327,"column":21},"end":{"line":327,"column":4}},"78":{"start":{"line":328,"column":4},"end":{"line":337,"column":5}},"79":{"start":{"line":329,"column":6},"end":{"line":null,"column":-1}},"80":{"start":{"line":339,"column":21},"end":{"line":339,"column":4}},"81":{"start":{"line":340,"column":4},"end":{"line":352,"column":5}},"82":{"start":{"line":341,"column":6},"end":{"line":null,"column":-1}},"83":{"start":{"line":354,"column":4},"end":{"line":null,"column":-1}},"84":{"start":{"line":385,"column":0},"end":{"line":null,"column":-1}},"85":{"start":{"line":386,"column":0},"end":{"line":null,"column":-1}},"86":{"start":{"line":387,"column":0},"end":{"line":null,"column":-1}},"87":{"start":{"line":388,"column":0},"end":{"line":null,"column":-1}},"88":{"start":{"line":389,"column":0},"end":{"line":null,"column":-1}},"89":{"start":{"line":390,"column":0},"end":{"line":null,"column":-1}}},"fnMap":{"0":{"name":"intl","decl":{"start":{"line":119,"column":8},"end":{"line":119,"column":8}},"loc":{"start":{"line":119,"column":21},"end":{"line":123,"column":3}}},"1":{"name":"OnsetPicker","decl":{"start":{"line":127,"column":2},"end":{"line":127,"column":13}},"loc":{"start":{"line":127,"column":21},"end":{"line":149,"column":3}}},"2":{"name":"(anonymous_17)","decl":{"start":{"line":219,"column":25},"end":{"line":null,"column":-1}},"loc":{"start":{"line":219,"column":25},"end":{"line":219,"column":8}}}},"branchMap":{"0":{"loc":{"start":{"line":120,"column":4},"end":{"line":122,"column":5}},"type":"if","locations":[{"start":{"line":120,"column":4},"end":{"line":122,"column":5}},{"start":{"line":120,"column":4},"end":{"line":122,"column":5}}]},"1":{"loc":{"start":{"line":127,"column":21},"end":{"line":128,"column":9}},"type":"binary-expr","locations":[{"start":{"line":127,"column":21},"end":{"line":128,"column":9}},{"start":{"line":127,"column":21},"end":{"line":128,"column":9}}]},"2":{"loc":{"start":{"line":145,"column":40},"end":{"line":145,"column":17}},"type":"cond-expr","locations":[{"start":{"line":145,"column":40},"end":{"line":145,"column":17}},{"start":{"line":145,"column":71},"end":{"line":142,"column":17}}]},"3":{"loc":{"start":{"line":155,"column":4},"end":{"line":166,"column":5}},"type":"if","locations":[{"start":{"line":155,"column":4},"end":{"line":166,"column":5}},{"start":{"line":155,"column":4},"end":{"line":166,"column":5}}]},"4":{"loc":{"start":{"line":169,"column":4},"end":{"line":171,"column":5}},"type":"if","locations":[{"start":{"line":169,"column":4},"end":{"line":171,"column":5}},{"start":{"line":169,"column":4},"end":{"line":171,"column":5}}]},"5":{"loc":{"start":{"line":180,"column":4},"end":{"line":182,"column":5}},"type":"if","locations":[{"start":{"line":180,"column":4},"end":{"line":182,"column":5}},{"start":{"line":180,"column":4},"end":{"line":182,"column":5}}]},"6":{"loc":{"start":{"line":219,"column":4},"end":{"line":221,"column":5}},"type":"if","locations":[{"start":{"line":219,"column":4},"end":{"line":221,"column":5}},{"start":{"line":219,"column":4},"end":{"line":221,"column":5}}]},"7":{"loc":{"start":{"line":253,"column":4},"end":{"line":255,"column":5}},"type":"if","locations":[{"start":{"line":253,"column":4},"end":{"line":255,"column":5}},{"start":{"line":253,"column":4},"end":{"line":255,"column":5}}]},"8":{"loc":{"start":{"line":277,"column":4},"end":{"line":289,"column":5}},"type":"if","locations":[{"start":{"line":277,"column":4},"end":{"line":289,"column":5}},{"start":{"line":277,"column":4},"end":{"line":289,"column":5}}]},"9":{"loc":{"start":{"line":293,"column":4},"end":{"line":313,"column":5}},"type":"if","locations":[{"start":{"line":293,"column":4},"end":{"line":313,"column":5}},{"start":{"line":293,"column":4},"end":{"line":313,"column":5}}]},"10":{"loc":{"start":{"line":316,"column":4},"end":{"line":325,"column":5}},"type":"if","locations":[{"start":{"line":316,"column":4},"end":{"line":325,"column":5}},{"start":{"line":316,"column":4},"end":{"line":325,"column":5}}]},"11":{"loc":{"start":{"line":328,"column":4},"end":{"line":337,"column":5}},"type":"if","locations":[{"start":{"line":328,"column":4},"end":{"line":337,"column":5}},{"start":{"line":328,"column":4},"end":{"line":337,"column":5}}]},"12":{"loc":{"start":{"line":328,"column":8},"end":{"line":328,"column":7}},"type":"binary-expr","locations":[{"start":{"line":328,"column":8},"end":{"line":328,"column":7}},{"start":{"line":328,"column":62},"end":{"line":328,"column":4}}]},"13":{"loc":{"start":{"line":340,"column":4},"end":{"line":352,"column":5}},"type":"if","locations":[{"start":{"line":340,"column":4},"end":{"line":352,"column":5}},{"start":{"line":340,"column":4},"end":{"line":352,"column":5}}]},"14":{"loc":{"start":{"line":371,"column":10},"end":{"line":371,"column":9}},"type":"binary-expr","locations":[{"start":{"line":371,"column":10},"end":{"line":371,"column":9}},{"start":{"line":372,"column":10},"end":{"line":null,"column":-1}}]}},"s":{"0":0,"1":0,"2":0,"3":0,"4":0,"5":0,"6":0,"7":0,"8":0,"9":0,"10":0,"11":0,"12":0,"13":0,"14":0,"15":0,"16":0,"17":0,"18":0,"19":0,"20":0,"21":0,"22":0,"23":0,"24":0,"25":0,"26":0,"27":0,"28":0,"29":0,"30":0,"31":0,"32":0,"33":0,"34":0,"35":0,"36":0,"37":0,"38":0,"39":0,"40":0,"41":0,"42":0,"43":0,"44":0,"45":0,"46":0,"47":0,"48":0,"49":0,"50":0,"51":0,"52":0,"53":0,"54":0,"55":0,"56":0,"57":0,"58":0,"59":0,"60":0,"61":0,"62":0,"63":0,"64":0,"65":0,"66":0,"67":0,"68":0,"69":0,"70":0,"71":0,"72":0,"73":0,"74":0,"75":0,"76":0,"77":0,"78":0,"79":0,"80":0,"81":0,"82":0,"83":0,"84":0,"85":0,"86":0,"87":0,"88":0,"89":0},"f":{"0":0,"1":0,"2":0},"b":{"0":[0,0],"1":[0,0],"2":[0,0],"3":[0,0],"4":[0,0],"5":[0,0],"6":[0,0],"7":[0,0],"8":[0,0],"9":[0,0],"10":[0,0],"11":[0,0],"12":[0,0],"13":[0,0],"14":[0,0]}}
,"/Users/er047227/terra-clinical/packages/terra-clinical-onset-picker/src/OnsetUtils.js": {"path":"/Users/er047227/terra-clinical/packages/terra-clinical-onset-picker/src/OnsetUtils.js","statementMap":{"0":{"start":{"line":1,"column":0},"end":{"line":null,"column":-1}},"1":{"start":{"line":3,"column":17},"end":{"line":3,"column":0}},"2":{"start":{"line":4,"column":18},"end":{"line":4,"column":0}},"3":{"start":{"line":5,"column":25},"end":{"line":5,"column":0}},"4":{"start":{"line":19,"column":18},"end":{"line":19,"column":4}},"5":{"start":{"line":20,"column":16},"end":{"line":20,"column":4}},"6":{"start":{"line":21,"column":22},"end":{"line":21,"column":4}},"7":{"start":{"line":22,"column":25},"end":{"line":22,"column":4}},"8":{"start":{"line":36,"column":4},"end":{"line":38,"column":5}},"9":{"start":{"line":37,"column":6},"end":{"line":null,"column":-1}},"10":{"start":{"line":37,"column":45},"end":{"line":null,"column":-1}},"11":{"start":{"line":40,"column":4},"end":{"line":42,"column":5}},"12":{"start":{"line":41,"column":6},"end":{"line":null,"column":-1}},"13":{"start":{"line":41,"column":45},"end":{"line":null,"column":-1}},"14":{"start":{"line":44,"column":4},"end":{"line":null,"column":-1}},"15":{"start":{"line":52,"column":18},"end":{"line":52,"column":4}},"16":{"start":{"line":53,"column":16},"end":{"line":53,"column":4}},"17":{"start":{"line":55,"column":4},"end":{"line":null,"column":-1}},"18":{"start":{"line":56,"column":19},"end":{"line":56,"column":6}},"19":{"start":{"line":57,"column":6},"end":{"line":null,"column":-1}},"20":{"start":{"line":67,"column":24},"end":{"line":67,"column":4}},"21":{"start":{"line":68,"column":26},"end":{"line":68,"column":4}},"22":{"start":{"line":70,"column":4},"end":{"line":null,"column":-1}},"23":{"start":{"line":72,"column":8},"end":{"line":null,"column":-1}},"24":{"start":{"line":74,"column":26},"end":{"line":74,"column":8}},"25":{"start":{"line":75,"column":8},"end":{"line":null,"column":-1}},"26":{"start":{"line":78,"column":25},"end":{"line":78,"column":8}},"27":{"start":{"line":79,"column":8},"end":{"line":null,"column":-1}},"28":{"start":{"line":89,"column":22},"end":{"line":89,"column":4}},"29":{"start":{"line":90,"column":26},"end":{"line":90,"column":4}},"30":{"start":{"line":92,"column":4},"end":{"line":94,"column":5}},"31":{"start":{"line":93,"column":6},"end":{"line":null,"column":-1}},"32":{"start":{"line":96,"column":21},"end":{"line":96,"column":4}},"33":{"start":{"line":99,"column":4},"end":{"line":101,"column":5}},"34":{"start":{"line":100,"column":6},"end":{"line":null,"column":-1}},"35":{"start":{"line":104,"column":4},"end":{"line":106,"column":5}},"36":{"start":{"line":105,"column":6},"end":{"line":null,"column":-1}},"37":{"start":{"line":108,"column":4},"end":{"line":null,"column":-1}},"38":{"start":{"line":115,"column":24},"end":{"line":115,"column":4}},"39":{"start":{"line":116,"column":24},"end":{"line":116,"column":4}},"40":{"start":{"line":117,"column":18},"end":{"line":117,"column":4}},"41":{"start":{"line":119,"column":4},"end":{"line":127,"column":5}},"42":{"start":{"line":120,"column":6},"end":{"line":null,"column":-1}},"43":{"start":{"line":122,"column":6},"end":{"line":124,"column":7}},"44":{"start":{"line":123,"column":8},"end":{"line":null,"column":-1}},"45":{"start":{"line":126,"column":6},"end":{"line":null,"column":-1}},"46":{"start":{"line":129,"column":4},"end":{"line":null,"column":-1}},"47":{"start":{"line":136,"column":23},"end":{"line":136,"column":4}},"48":{"start":{"line":138,"column":4},"end":{"line":158,"column":5}},"49":{"start":{"line":139,"column":6},"end":{"line":null,"column":-1}},"50":{"start":{"line":141,"column":10},"end":{"line":null,"column":-1}},"51":{"start":{"line":142,"column":10},"end":{"line":null,"column":-1}},"52":{"start":{"line":144,"column":10},"end":{"line":null,"column":-1}},"53":{"start":{"line":145,"column":10},"end":{"line":null,"column":-1}},"54":{"start":{"line":147,"column":10},"end":{"line":null,"column":-1}},"55":{"start":{"line":148,"column":10},"end":{"line":null,"column":-1}},"56":{"start":{"line":150,"column":10},"end":{"line":null,"column":-1}},"57":{"start":{"line":151,"column":10},"end":{"line":null,"column":-1}},"58":{"start":{"line":153,"column":10},"end":{"line":null,"column":-1}},"59":{"start":{"line":154,"column":10},"end":{"line":null,"column":-1}},"60":{"start":{"line":156,"column":10},"end":{"line":null,"column":-1}},"61":{"start":{"line":159,"column":4},"end":{"line":null,"column":-1}},"62":{"start":{"line":163,"column":0},"end":{"line":null,"column":-1}}},"fnMap":{"0":{"name":"(anonymous_8)","decl":{"start":{"line":37,"column":45},"end":{"line":null,"column":-1}},"loc":{"start":{"line":37,"column":45},"end":{"line":37,"column":23}}},"1":{"name":"(anonymous_9)","decl":{"start":{"line":41,"column":45},"end":{"line":null,"column":-1}},"loc":{"start":{"line":41,"column":45},"end":{"line":41,"column":23}}},"2":{"name":"(anonymous_11)","decl":{"start":{"line":55,"column":56},"end":{"line":55,"column":56}},"loc":{"start":{"line":55,"column":68},"end":{"line":55,"column":11}}}},"branchMap":{"0":{"loc":{"start":{"line":36,"column":4},"end":{"line":38,"column":5}},"type":"if","locations":[{"start":{"line":36,"column":4},"end":{"line":38,"column":5}},{"start":{"line":36,"column":4},"end":{"line":38,"column":5}}]},"1":{"loc":{"start":{"line":40,"column":4},"end":{"line":42,"column":5}},"type":"if","locations":[{"start":{"line":40,"column":4},"end":{"line":42,"column":5}},{"start":{"line":40,"column":4},"end":{"line":42,"column":5}}]},"2":{"loc":{"start":{"line":71,"column":6},"end":{"line":72,"column":8}},"type":"switch","locations":[{"start":{"line":71,"column":6},"end":{"line":72,"column":8}},{"start":{"line":73,"column":6},"end":{"line":76,"column":7}},{"start":{"line":77,"column":6},"end":{"line":80,"column":7}}]},"3":{"loc":{"start":{"line":75,"column":39},"end":{"line":75,"column":15}},"type":"cond-expr","locations":[{"start":{"line":75,"column":39},"end":{"line":75,"column":15}},{"start":{"line":75,"column":51},"end":{"line":75,"column":8}}]},"4":{"loc":{"start":{"line":79,"column":37},"end":{"line":79,"column":15}},"type":"cond-expr","locations":[{"start":{"line":79,"column":37},"end":{"line":79,"column":15}},{"start":{"line":79,"column":48},"end":{"line":79,"column":8}}]},"5":{"loc":{"start":{"line":92,"column":4},"end":{"line":94,"column":5}},"type":"if","locations":[{"start":{"line":92,"column":4},"end":{"line":94,"column":5}},{"start":{"line":92,"column":4},"end":{"line":94,"column":5}}]},"6":{"loc":{"start":{"line":99,"column":4},"end":{"line":101,"column":5}},"type":"if","locations":[{"start":{"line":99,"column":4},"end":{"line":101,"column":5}},{"start":{"line":99,"column":4},"end":{"line":101,"column":5}}]},"7":{"loc":{"start":{"line":104,"column":4},"end":{"line":106,"column":5}},"type":"if","locations":[{"start":{"line":104,"column":4},"end":{"line":106,"column":5}},{"start":{"line":104,"column":4},"end":{"line":106,"column":5}}]},"8":{"loc":{"start":{"line":119,"column":4},"end":{"line":127,"column":5}},"type":"if","locations":[{"start":{"line":119,"column":4},"end":{"line":127,"column":5}},{"start":{"line":119,"column":4},"end":{"line":127,"column":5}}]},"9":{"loc":{"start":{"line":122,"column":6},"end":{"line":124,"column":7}},"type":"if","locations":[{"start":{"line":122,"column":6},"end":{"line":124,"column":7}},{"start":{"line":122,"column":6},"end":{"line":124,"column":7}}]},"10":{"loc":{"start":{"line":140,"column":8},"end":{"line":142,"column":10}},"type":"switch","locations":[{"start":{"line":140,"column":8},"end":{"line":142,"column":10}},{"start":{"line":143,"column":8},"end":{"line":145,"column":10}},{"start":{"line":146,"column":8},"end":{"line":148,"column":10}},{"start":{"line":149,"column":8},"end":{"line":151,"column":10}},{"start":{"line":152,"column":8},"end":{"line":154,"column":10}},{"start":{"line":155,"column":8},"end":{"line":156,"column":10}}]}},"s":{"0":0,"1":0,"2":0,"3":0,"4":0,"5":0,"6":0,"7":0,"8":0,"9":0,"10":0,"11":0,"12":0,"13":0,"14":0,"15":0,"16":0,"17":0,"18":0,"19":0,"20":0,"21":0,"22":0,"23":0,"24":0,"25":0,"26":0,"27":0,"28":0,"29":0,"30":0,"31":0,"32":0,"33":0,"34":0,"35":0,"36":0,"37":0,"38":0,"39":0,"40":0,"41":0,"42":0,"43":0,"44":0,"45":0,"46":0,"47":0,"48":0,"49":0,"50":0,"51":0,"52":0,"53":0,"54":0,"55":0,"56":0,"57":0,"58":0,"59":0,"60":0,"61":0,"62":0},"f":{"0":0,"1":0,"2":0},"b":{"0":[0,0],"1":[0,0],"2":[0,0,0],"3":[0,0],"4":[0,0],"5":[0,0],"6":[0,0],"7":[0,0],"8":[0,0],"9":[0,0],"10":[0,0,0,0,0,0]}}
}
