TN:
SF:/Users/er047227/terra-clinical/packages/terra-clinical-application/src/Application.jsx
FN:23,Application
FN:27,(anonymous_4)
FNF:2
FNH:0
FNDA:0,Application
FNDA:0,(anonymous_4)
DA:1,0
DA:2,0
DA:3,0
DA:4,0
DA:5,0
DA:6,0
DA:7,0
DA:9,0
DA:11,0
DA:23,0
DA:24,0
DA:26,0
DA:27,0
DA:32,0
DA:39,0
LF:15
LH:0
BRDA:26,0,0,0
BRDA:26,0,1,0
BRF:2
BRH:0
end_of_record
TN:
SF:/Users/er047227/terra-clinical/packages/terra-clinical-detail-view/src/DetailList.jsx
FN:31,(anonymous_0)
FNF:1
FNH:1
FNDA:7,(anonymous_0)
DA:8,3
DA:10,3
DA:26,3
DA:31,3
DA:33,7
DA:34,5
DA:37,7
DA:47,3
DA:48,3
LF:9
LH:9
BRDA:33,0,0,5
BRDA:33,0,1,2
BRF:2
BRH:2
end_of_record
TN:
SF:/Users/er047227/terra-clinical/packages/terra-clinical-detail-view/src/DetailListItem.jsx
FN:19,(anonymous_0)
FNF:1
FNH:1
FNDA:26,(anonymous_0)
DA:7,3
DA:9,3
DA:16,3
DA:19,3
DA:20,26
DA:25,26
DA:32,3
DA:33,3
LF:8
LH:8
BRF:0
BRH:0
end_of_record
TN:
SF:/Users/er047227/terra-clinical/packages/terra-clinical-detail-view/src/DetailView.jsx
FN:70,(anonymous_0)
FN:89,(anonymous_1)
FN:93,(anonymous_2)
FNF:3
FNH:3
FNDA:11,(anonymous_0)
FNDA:2,(anonymous_1)
FNDA:10,(anonymous_2)
DA:9,3
DA:11,3
DA:58,3
DA:70,3
DA:82,11
DA:83,11
DA:84,11
DA:88,11
DA:89,11
DA:91,2
DA:93,11
DA:95,10
DA:97,11
DA:98,11
DA:100,11
DA:101,11
DA:103,11
DA:104,10
DA:106,10
DA:107,2
DA:108,2
DA:111,1
DA:114,11
DA:131,3
DA:132,3
DA:133,3
DA:134,3
LF:27
LH:27
BRDA:88,0,0,9
BRDA:88,0,1,2
BRDA:97,1,0,1
BRDA:97,1,1,10
BRDA:98,2,0,2
BRDA:98,2,1,9
BRDA:103,3,0,10
BRDA:103,3,1,1
BRDA:122,4,0,11
BRDA:122,4,1,1
BRF:10
BRH:10
end_of_record
TN:
SF:/Users/er047227/terra-clinical/packages/terra-clinical-header/src/Header.jsx
FN:45,(anonymous_0)
FNF:1
FNH:1
FNDA:7,(anonymous_0)
DA:7,1
DA:9,1
DA:38,1
DA:45,1
DA:49,7
DA:50,3
DA:54,7
DA:55,4
DA:65,7
DA:66,3
DA:70,7
DA:71,0
DA:75,0
DA:78,7
DA:80,7
DA:92,1
DA:93,1
LF:17
LH:15
BRDA:49,0,0,3
BRDA:49,0,1,4
BRDA:54,1,0,4
BRDA:54,1,1,3
BRDA:65,2,0,3
BRDA:65,2,1,4
BRDA:70,3,0,0
BRDA:70,3,1,7
BRDA:78,4,0,2
BRDA:78,4,1,5
BRF:10
BRH:9
end_of_record
TN:
SF:/Users/er047227/terra-clinical/packages/terra-clinical-item-collection/src/Item.jsx
FN:86,createListItem
FN:113,createTableCell
FN:124,createTableRow
FN:129,(anonymous_3)
FN:144,(anonymous_4)
FNF:5
FNH:5
FNDA:13,createListItem
FNDA:38,createTableCell
FNDA:12,createTableRow
FNDA:20,(anonymous_3)
FNDA:25,(anonymous_4)
DA:10,5
DA:12,5
DA:71,5
DA:89,13
DA:92,13
DA:102,13
DA:114,38
DA:121,38
DA:127,12
DA:129,12
DA:130,20
DA:131,20
DA:134,12
DA:144,5
DA:160,25
DA:162,25
DA:165,25
DA:167,25
DA:168,12
DA:171,13
DA:174,13
DA:177,5
DA:178,5
DA:179,5
DA:180,5
LF:25
LH:25
BRDA:117,0,0,38
BRDA:117,0,1,12
BRDA:118,1,0,38
BRDA:118,1,1,12
BRDA:136,2,0,12
BRDA:136,2,1,6
BRDA:138,3,0,12
BRDA:138,3,1,6
BRDA:139,4,0,12
BRDA:139,4,1,6
BRDA:165,5,0,2
BRDA:165,5,1,23
BRDA:167,6,0,12
BRDA:167,6,1,13
BRF:14
BRH:14
end_of_record
TN:
SF:/Users/er047227/terra-clinical/packages/terra-clinical-item-collection/src/ItemCollection.jsx
FN:69,(anonymous_0)
FNF:1
FNH:1
FNDA:11,(anonymous_0)
DA:11,4
DA:13,4
DA:57,4
DA:69,4
DA:82,11
DA:84,11
DA:85,11
DA:93,11
DA:103,11
DA:113,11
DA:114,11
DA:116,11
DA:126,4
DA:127,4
DA:130,4
DA:131,4
DA:132,4
LF:17
LH:17
BRDA:84,0,0,10
BRDA:84,0,1,1
BRF:2
BRH:2
end_of_record
TN:
SF:/Users/er047227/terra-clinical/packages/terra-clinical-item-collection/src/_ItemCollectionUtils.jsx
FN:13,addMissingListElements
FN:47,addMissingTableElements
FN:92,createOnSelectProps
FN:101,(anonymous_3)
FN:105,(anonymous_4)
FNF:5
FNH:2
FNDA:9,addMissingListElements
FNDA:11,addMissingTableElements
FNDA:0,createOnSelectProps
FNDA:0,(anonymous_3)
FNDA:0,(anonymous_4)
DA:1,4
DA:16,9
DA:19,9
DA:20,9
DA:24,9
DA:25,9
DA:27,9
DA:28,9
DA:30,5
DA:32,9
DA:34,9
DA:35,9
DA:37,9
DA:50,11
DA:53,11
DA:54,11
DA:58,11
DA:59,5
DA:62,11
DA:63,11
DA:64,5
DA:66,4
DA:68,5
DA:69,17
DA:72,11
DA:74,11
DA:75,5
DA:78,11
DA:79,5
DA:82,11
DA:93,0
DA:95,0
DA:97,0
DA:101,0
DA:102,0
DA:105,0
DA:106,0
DA:107,0
DA:111,0
DA:114,4
LF:40
LH:31
BRDA:24,0,0,5
BRDA:24,0,1,4
BRDA:28,1,0,5
BRDA:28,1,1,4
BRDA:28,2,0,9
BRDA:28,2,1,5
BRDA:30,3,0,3
BRDA:30,3,1,2
BRDA:34,4,0,4
BRDA:34,4,1,5
BRDA:35,5,0,4
BRDA:35,5,1,5
BRDA:58,6,0,5
BRDA:58,6,1,6
BRDA:59,7,0,5
BRDA:59,7,1,1
BRDA:63,8,0,5
BRDA:63,8,1,6
BRDA:64,9,0,4
BRDA:64,9,1,1
BRDA:66,10,0,2
BRDA:66,10,1,2
BRDA:74,11,0,5
BRDA:74,11,1,6
BRDA:75,12,0,5
BRDA:75,12,1,1
BRDA:78,13,0,5
BRDA:78,13,1,6
BRDA:79,14,0,5
BRDA:79,14,1,1
BRDA:95,15,0,0
BRDA:95,15,1,0
BRDA:95,16,0,0
BRDA:95,16,1,0
BRDA:106,17,0,0
BRDA:106,17,1,0
BRDA:106,18,0,0
BRDA:106,18,1,0
BRF:38
BRH:30
end_of_record
TN:
SF:/Users/er047227/terra-clinical/packages/terra-clinical-item-collection/src/_ListView.jsx
FN:31,createListItems
FN:32,(anonymous_1)
FN:39,(anonymous_2)
FNF:3
FNH:3
FNDA:3,createListItems
FNDA:2,(anonymous_1)
FNDA:3,(anonymous_2)
DA:6,4
DA:32,3
DA:33,2
DA:34,2
DA:35,2
DA:39,4
DA:42,3
DA:44,3
DA:51,4
LF:9
LH:9
BRDA:34,0,0,0
BRDA:34,0,1,2
BRDA:34,1,0,2
BRDA:34,1,1,0
BRF:4
BRH:2
end_of_record
TN:
SF:/Users/er047227/terra-clinical/packages/terra-clinical-item-collection/src/_TableView.jsx
FN:36,createTableLayout
FN:58,createTableRows
FN:59,(anonymous_2)
FN:66,(anonymous_3)
FNF:4
FNH:4
FNDA:3,createTableLayout
FNDA:3,createTableRows
FNDA:2,(anonymous_2)
FNDA:3,(anonymous_3)
DA:7,4
DA:39,3
DA:41,3
DA:42,3
DA:43,3
DA:44,24
DA:48,3
DA:59,3
DA:60,2
DA:61,2
DA:62,2
DA:66,4
DA:69,3
DA:70,3
DA:72,3
DA:87,4
LF:16
LH:16
BRDA:42,0,0,3
BRDA:42,0,1,0
BRDA:50,1,0,3
BRDA:50,1,1,3
BRDA:52,2,0,3
BRDA:52,2,1,3
BRDA:53,3,0,3
BRDA:53,3,1,3
BRDA:61,4,0,0
BRDA:61,4,1,2
BRDA:61,5,0,2
BRDA:61,5,1,0
BRF:12
BRH:9
end_of_record
TN:
SF:/Users/er047227/terra-clinical/packages/terra-clinical-item-display/src/ItemComment.jsx
FN:27,(anonymous_0)
FNF:1
FNH:1
FNDA:6,(anonymous_0)
DA:9,2
DA:11,2
DA:22,2
DA:27,2
DA:32,6
DA:41,2
DA:42,2
LF:7
LH:7
BRF:0
BRH:0
end_of_record
TN:
SF:/Users/er047227/terra-clinical/packages/terra-clinical-item-display/src/ItemDisplay.jsx
FN:48,(anonymous_0)
FNF:1
FNH:1
FNDA:11,(anonymous_0)
DA:8,2
DA:10,2
DA:17,2
DA:40,2
DA:48,2
DA:56,11
DA:61,11
DA:68,11
DA:69,3
DA:72,11
DA:80,2
DA:81,2
DA:82,2
LF:13
LH:13
BRDA:68,0,0,3
BRDA:68,0,1,8
BRF:2
BRH:2
end_of_record
TN:
SF:/Users/er047227/terra-clinical/packages/terra-clinical-item-view/src/ItemView.jsx
FN:65,renderAccessory
FN:84,defaultEmphasisContentClassesFromIndexes
FN:101,startEmphasisContentClassesFromIndexes
FN:109,classesForContent
FN:119,renderRow
FN:123,(anonymous_8)
FN:136,renderRows
FN:151,(anonymous_10)
FN:159,ItemView
FNF:9
FNH:0
FNDA:0,renderAccessory
FNDA:0,defaultEmphasisContentClassesFromIndexes
FNDA:0,startEmphasisContentClassesFromIndexes
FNDA:0,classesForContent
FNDA:0,renderRow
FNDA:0,(anonymous_8)
FNDA:0,renderRows
FNDA:0,(anonymous_10)
FNDA:0,ItemView
DA:1,0
DA:2,0
DA:3,0
DA:4,0
DA:5,0
DA:6,0
DA:8,0
DA:10,0
DA:53,0
DA:65,0
DA:66,0
DA:67,0
DA:68,0
DA:75,0
DA:81,0
DA:84,0
DA:85,0
DA:86,0
DA:88,0
DA:89,0
DA:92,0
DA:93,0
DA:94,0
DA:95,0
DA:98,0
DA:101,0
DA:102,0
DA:103,0
DA:106,0
DA:109,0
DA:110,0
DA:111,0
DA:112,0
DA:114,0
DA:116,0
DA:119,0
DA:120,0
DA:121,0
DA:124,0
DA:125,0
DA:126,0
DA:136,0
DA:137,0
DA:138,0
DA:141,0
DA:142,0
DA:143,0
DA:145,0
DA:146,0
DA:149,0
DA:152,0
DA:153,0
DA:159,0
DA:171,0
DA:172,0
DA:180,0
DA:192,0
DA:193,0
DA:194,0
DA:195,0
LF:60
LH:0
BRDA:67,0,0,0
BRDA:67,0,1,0
BRDA:67,1,0,0
BRDA:67,1,1,0
BRDA:88,2,0,0
BRDA:88,2,1,0
BRDA:92,3,0,0
BRDA:92,3,1,0
BRDA:92,4,0,0
BRDA:92,4,1,0
BRDA:94,5,0,0
BRDA:94,5,1,0
BRDA:102,6,0,0
BRDA:102,6,1,0
BRDA:111,7,0,0
BRDA:111,7,1,0
BRDA:137,8,0,0
BRDA:137,8,1,0
BRDA:137,9,0,0
BRDA:137,9,1,0
BRDA:137,9,2,0
BRDA:143,10,0,0
BRDA:143,10,1,0
BRF:23
BRH:0
end_of_record
TN:
SF:/Users/er047227/terra-clinical/packages/terra-clinical-label-value-view/src/LabelValueView.jsx
FN:29,(anonymous_0)
FNF:1
FNH:1
FNDA:9,(anonymous_0)
DA:7,1
DA:9,1
DA:24,1
DA:29,1
DA:33,9
DA:34,5
DA:35,4
DA:36,3
DA:39,9
DA:48,1
DA:49,1
LF:11
LH:11
BRDA:33,0,0,5
BRDA:33,0,1,4
BRDA:33,1,0,9
BRDA:33,1,1,6
BRDA:35,2,0,3
BRDA:35,2,1,1
BRF:6
BRH:6
end_of_record
TN:
SF:/Users/er047227/terra-clinical/packages/terra-clinical-onset-picker/src/OnsetPicker.jsx
FN:119,intl
FN:127,OnsetPicker
FN:219,(anonymous_17)
FNF:3
FNH:0
FNDA:0,intl
FNDA:0,OnsetPicker
FNDA:0,(anonymous_17)
DA:1,0
DA:2,0
DA:3,0
DA:4,0
DA:5,0
DA:6,0
DA:7,0
DA:8,0
DA:9,0
DA:10,0
DA:11,0
DA:12,0
DA:14,0
DA:16,0
DA:23,0
DA:105,0
DA:117,0
DA:120,0
DA:121,0
DA:127,0
DA:131,0
DA:132,0
DA:133,0
DA:134,0
DA:135,0
DA:136,0
DA:137,0
DA:138,0
DA:140,0
DA:142,0
DA:155,0
DA:156,0
DA:157,0
DA:159,0
DA:165,0
DA:167,0
DA:169,0
DA:170,0
DA:178,0
DA:180,0
DA:181,0
DA:189,0
DA:191,0
DA:195,0
DA:202,0
DA:204,0
DA:208,0
DA:215,0
DA:216,0
DA:219,0
DA:220,0
DA:223,0
DA:226,0
DA:233,0
DA:235,0
DA:236,0
DA:243,0
DA:245,0
DA:246,0
DA:253,0
DA:254,0
DA:258,0
DA:272,0
DA:274,0
DA:276,0
DA:277,0
DA:278,0
DA:291,0
DA:292,0
DA:293,0
DA:294,0
DA:305,0
DA:315,0
DA:316,0
DA:317,0
DA:327,0
DA:328,0
DA:329,0
DA:339,0
DA:340,0
DA:341,0
DA:354,0
DA:385,0
DA:386,0
DA:387,0
DA:388,0
DA:389,0
DA:390,0
LF:88
LH:0
BRDA:120,0,0,0
BRDA:120,0,1,0
BRDA:127,1,0,0
BRDA:127,1,1,0
BRDA:145,2,0,0
BRDA:145,2,1,0
BRDA:155,3,0,0
BRDA:155,3,1,0
BRDA:169,4,0,0
BRDA:169,4,1,0
BRDA:180,5,0,0
BRDA:180,5,1,0
BRDA:219,6,0,0
BRDA:219,6,1,0
BRDA:253,7,0,0
BRDA:253,7,1,0
BRDA:277,8,0,0
BRDA:277,8,1,0
BRDA:293,9,0,0
BRDA:293,9,1,0
BRDA:316,10,0,0
BRDA:316,10,1,0
BRDA:328,11,0,0
BRDA:328,11,1,0
BRDA:328,12,0,0
BRDA:328,12,1,0
BRDA:340,13,0,0
BRDA:340,13,1,0
BRDA:371,14,0,0
BRDA:371,14,1,0
BRF:30
BRH:0
end_of_record
TN:
SF:/Users/er047227/terra-clinical/packages/terra-clinical-onset-picker/src/OnsetUtils.js
FN:37,(anonymous_8)
FN:41,(anonymous_9)
FN:55,(anonymous_11)
FNF:3
FNH:0
FNDA:0,(anonymous_8)
FNDA:0,(anonymous_9)
FNDA:0,(anonymous_11)
DA:1,0
DA:3,0
DA:4,0
DA:5,0
DA:19,0
DA:20,0
DA:21,0
DA:22,0
DA:36,0
DA:37,0
DA:40,0
DA:41,0
DA:44,0
DA:52,0
DA:53,0
DA:55,0
DA:56,0
DA:57,0
DA:67,0
DA:68,0
DA:70,0
DA:72,0
DA:74,0
DA:75,0
DA:78,0
DA:79,0
DA:89,0
DA:90,0
DA:92,0
DA:93,0
DA:96,0
DA:99,0
DA:100,0
DA:104,0
DA:105,0
DA:108,0
DA:115,0
DA:116,0
DA:117,0
DA:119,0
DA:120,0
DA:122,0
DA:123,0
DA:126,0
DA:129,0
DA:136,0
DA:138,0
DA:139,0
DA:141,0
DA:142,0
DA:144,0
DA:145,0
DA:147,0
DA:148,0
DA:150,0
DA:151,0
DA:153,0
DA:154,0
DA:156,0
DA:159,0
DA:163,0
LF:61
LH:0
BRDA:36,0,0,0
BRDA:36,0,1,0
BRDA:40,1,0,0
BRDA:40,1,1,0
BRDA:71,2,0,0
BRDA:71,2,1,0
BRDA:71,2,2,0
BRDA:75,3,0,0
BRDA:75,3,1,0
BRDA:79,4,0,0
BRDA:79,4,1,0
BRDA:92,5,0,0
BRDA:92,5,1,0
BRDA:99,6,0,0
BRDA:99,6,1,0
BRDA:104,7,0,0
BRDA:104,7,1,0
BRDA:119,8,0,0
BRDA:119,8,1,0
BRDA:122,9,0,0
BRDA:122,9,1,0
BRDA:140,10,0,0
BRDA:140,10,1,0
BRDA:140,10,2,0
BRDA:140,10,3,0
BRDA:140,10,4,0
BRDA:140,10,5,0
BRF:27
BRH:0
end_of_record
